SF:/Users/nick/Development/EttleX/EttleX-Project/Rust/crates/ettlex-cli/src/main.rs
FN:1,_RNvCsl0cVP5heQz1_10ettlex_cli4main
FNDA:0,_RNvCsl0cVP5heQz1_10ettlex_cli4main
FNF:1
FNH:0
DA:1,0
DA:2,0
DA:3,0
BRF:0
BRH:0
LF:3
LH:0
end_of_record
SF:/Users/nick/Development/EttleX/EttleX-Project/Rust/crates/ettlex-core/src/lib.rs
FN:3,_RNvCsojsrRA3sMt_11ettlex_core5hello
FNDA:0,_RNvCsojsrRA3sMt_11ettlex_core5hello
FNF:1
FNH:0
DA:3,0
DA:4,0
DA:5,0
BRF:0
BRH:0
LF:3
LH:0
end_of_record
SF:/Users/nick/Development/EttleX/EttleX-Project/Rust/crates/ettlex-engine/src/lib.rs
FN:3,_RNvCseVuLMwg0gT3_13ettlex_engine5hello
FNDA:0,_RNvCseVuLMwg0gT3_13ettlex_engine5hello
FNF:1
FNH:0
DA:3,0
DA:4,0
DA:5,0
BRF:0
BRH:0
LF:3
LH:0
end_of_record
SF:/Users/nick/Development/EttleX/EttleX-Project/Rust/crates/ettlex-mcp/src/main.rs
FN:1,_RNvCsl5pd1qduDFx_10ettlex_mcp4main
FNDA:0,_RNvCsl5pd1qduDFx_10ettlex_mcp4main
FNF:1
FNH:0
DA:1,0
DA:2,0
DA:3,0
BRF:0
BRH:0
LF:3
LH:0
end_of_record
SF:/Users/nick/Development/EttleX/EttleX-Project/Rust/crates/ettlex-projection/src/lib.rs
FN:3,_RNvCskh8vzKEgDXz_17ettlex_projection5hello
FNDA:0,_RNvCskh8vzKEgDXz_17ettlex_projection5hello
FNF:1
FNH:0
DA:3,0
DA:4,0
DA:5,0
BRF:0
BRH:0
LF:3
LH:0
end_of_record
SF:/Users/nick/Development/EttleX/EttleX-Project/Rust/crates/ettlex-store/src/lib.rs
FN:3,_RNvCsb6pbmQyfIrk_12ettlex_store5hello
FNDA:0,_RNvCsb6pbmQyfIrk_12ettlex_store5hello
FNF:1
FNH:0
DA:3,0
DA:4,0
DA:5,0
BRF:0
BRH:0
LF:3
LH:0
end_of_record
SF:/Users/nick/Development/EttleX/EttleX-Project/Rust/crates/ettlex-tauri/src/main.rs
FN:1,_RNvCs5YMkIx36lIx_12ettlex_tauri4main
FNDA:0,_RNvCs5YMkIx36lIx_12ettlex_tauri4main
FNF:1
FNH:0
DA:1,0
DA:2,0
DA:3,0
BRF:0
BRH:0
LF:3
LH:0
end_of_record