SF:/Users/nick/Development/EttleX/EttleX-Project/Rust/crates/ettlex-cli/src/commands/ep.rs
FN:58,_RNvNtNtCslWgGk6K9LsO_10ettlex_cli8commands2ep14execute_update
FN:52,_RNvNtNtCslWgGk6K9LsO_10ettlex_cli8commands2ep7execute
FN:79,_RNCNvNtNtCslWgGk6K9LsO_10ettlex_cli8commands2ep14execute_update0B7_
FN:79,_RNCNvNtNtCseVhYX9QvYZV_10ettlex_cli8commands2ep14execute_update0B7_
FN:58,_RNvNtNtCseVhYX9QvYZV_10ettlex_cli8commands2ep14execute_update
FN:52,_RNvNtNtCseVhYX9QvYZV_10ettlex_cli8commands2ep7execute
FNDA:1,_RNvNtNtCslWgGk6K9LsO_10ettlex_cli8commands2ep14execute_update
FNDA:0,_RNvNtNtCslWgGk6K9LsO_10ettlex_cli8commands2ep7execute
FNDA:0,_RNCNvNtNtCslWgGk6K9LsO_10ettlex_cli8commands2ep14execute_update0B7_
FNDA:0,_RNCNvNtNtCseVhYX9QvYZV_10ettlex_cli8commands2ep14execute_update0B7_
FNDA:0,_RNvNtNtCseVhYX9QvYZV_10ettlex_cli8commands2ep14execute_update
FNDA:0,_RNvNtNtCseVhYX9QvYZV_10ettlex_cli8commands2ep7execute
FNF:3
FNH:1
DA:52,0
DA:53,0
DA:54,0
DA:56,0
DA:58,1
DA:59,1
DA:60,1
DA:61,1
DA:63,1
DA:64,1
DA:65,1
DA:66,1
DA:67,1
DA:68,1
DA:69,1
DA:71,1
DA:72,1
DA:73,1
DA:74,1
DA:75,1
DA:76,1
DA:77,1
DA:79,1
DA:81,1
DA:82,1
DA:83,1
BRF:0
BRH:0
LF:27
LH:22
end_of_record
SF:/Users/nick/Development/EttleX/EttleX-Project/Rust/crates/ettlex-cli/src/commands/render.rs
FN:55,_RNvNtNtCslWgGk6K9LsO_10ettlex_cli8commands6render20execute_render_ettle
FN:79,_RNvNtNtCslWgGk6K9LsO_10ettlex_cli8commands6render21execute_render_bundle
FN:47,_RNvNtNtCslWgGk6K9LsO_10ettlex_cli8commands6render7execute
FN:55,_RNvNtNtCseVhYX9QvYZV_10ettlex_cli8commands6render20execute_render_ettle
FN:79,_RNvNtNtCseVhYX9QvYZV_10ettlex_cli8commands6render21execute_render_bundle
FN:47,_RNvNtNtCseVhYX9QvYZV_10ettlex_cli8commands6render7execute
FNDA:0,_RNvNtNtCslWgGk6K9LsO_10ettlex_cli8commands6render20execute_render_ettle
FNDA:0,_RNvNtNtCslWgGk6K9LsO_10ettlex_cli8commands6render21execute_render_bundle
FNDA:0,_RNvNtNtCslWgGk6K9LsO_10ettlex_cli8commands6render7execute
FNDA:0,_RNvNtNtCseVhYX9QvYZV_10ettlex_cli8commands6render20execute_render_ettle
FNDA:0,_RNvNtNtCseVhYX9QvYZV_10ettlex_cli8commands6render21execute_render_bundle
FNDA:0,_RNvNtNtCseVhYX9QvYZV_10ettlex_cli8commands6render7execute
FNF:3
FNH:0
DA:47,0
DA:48,0
DA:49,0
DA:50,0
DA:52,0
DA:55,0
DA:57,0
DA:58,0
DA:59,0
DA:62,0
DA:65,0
DA:68,0
DA:69,0
DA:70,0
DA:71,0
DA:72,0
DA:73,0
DA:75,0
DA:76,0
DA:79,0
DA:81,0
DA:82,0
DA:83,0
DA:86,0
DA:89,0
DA:92,0
DA:93,0
DA:94,0
DA:95,0
DA:96,0
DA:97,0
DA:99,0
DA:100,0
BRF:0
BRH:0
LF:33
LH:0
end_of_record
SF:/Users/nick/Development/EttleX/EttleX-Project/Rust/crates/ettlex-cli/src/commands/seed.rs
FN:61,_RNCNCNvNtNtCslWgGk6K9LsO_10ettlex_cli8commands4seed14execute_imports0_00B9_
FN:57,_RNCNvNtNtCslWgGk6K9LsO_10ettlex_cli8commands4seed14execute_import0B7_
FN:59,_RNCNvNtNtCslWgGk6K9LsO_10ettlex_cli8commands4seed14execute_imports0_0B7_
FN:58,_RNCNvNtNtCslWgGk6K9LsO_10ettlex_cli8commands4seed14execute_imports_0B7_
FN:38,_RNvNtNtCslWgGk6K9LsO_10ettlex_cli8commands4seed14execute_import
FN:31,_RNvNtNtCslWgGk6K9LsO_10ettlex_cli8commands4seed7execute
FN:61,_RNCNCNvNtNtCseVhYX9QvYZV_10ettlex_cli8commands4seed14execute_imports0_00B9_
FN:57,_RNCNvNtNtCseVhYX9QvYZV_10ettlex_cli8commands4seed14execute_import0B7_
FN:59,_RNCNvNtNtCseVhYX9QvYZV_10ettlex_cli8commands4seed14execute_imports0_0B7_
FN:58,_RNCNvNtNtCseVhYX9QvYZV_10ettlex_cli8commands4seed14execute_imports_0B7_
FN:38,_RNvNtNtCseVhYX9QvYZV_10ettlex_cli8commands4seed14execute_import
FN:31,_RNvNtNtCseVhYX9QvYZV_10ettlex_cli8commands4seed7execute
FNDA:0,_RNCNCNvNtNtCslWgGk6K9LsO_10ettlex_cli8commands4seed14execute_imports0_00B9_
FNDA:0,_RNCNvNtNtCslWgGk6K9LsO_10ettlex_cli8commands4seed14execute_import0B7_
FNDA:0,_RNCNvNtNtCslWgGk6K9LsO_10ettlex_cli8commands4seed14execute_imports0_0B7_
FNDA:0,_RNCNvNtNtCslWgGk6K9LsO_10ettlex_cli8commands4seed14execute_imports_0B7_
FNDA:0,_RNvNtNtCslWgGk6K9LsO_10ettlex_cli8commands4seed14execute_import
FNDA:0,_RNvNtNtCslWgGk6K9LsO_10ettlex_cli8commands4seed7execute
FNDA:0,_RNCNCNvNtNtCseVhYX9QvYZV_10ettlex_cli8commands4seed14execute_imports0_00B9_
FNDA:0,_RNCNvNtNtCseVhYX9QvYZV_10ettlex_cli8commands4seed14execute_import0B7_
FNDA:0,_RNCNvNtNtCseVhYX9QvYZV_10ettlex_cli8commands4seed14execute_imports0_0B7_
FNDA:0,_RNCNvNtNtCseVhYX9QvYZV_10ettlex_cli8commands4seed14execute_imports_0B7_
FNDA:0,_RNvNtNtCseVhYX9QvYZV_10ettlex_cli8commands4seed14execute_import
FNDA:0,_RNvNtNtCseVhYX9QvYZV_10ettlex_cli8commands4seed7execute
FNF:6
FNH:0
DA:31,0
DA:32,0
DA:33,0
DA:35,0
DA:38,0
DA:40,0
DA:41,0
DA:42,0
DA:45,0
DA:46,0
DA:48,0
DA:51,0
DA:54,0
DA:56,0
DA:57,0
DA:58,0
DA:59,0
DA:60,0
DA:61,0
DA:62,0
DA:63,0
DA:64,0
DA:66,0
DA:68,0
DA:69,0
DA:70,0
DA:71,0
DA:75,0
DA:76,0
DA:77,0
DA:80,0
DA:81,0
BRF:0
BRH:0
LF:36
LH:0
end_of_record
SF:/Users/nick/Development/EttleX/EttleX-Project/Rust/crates/ettlex-cli/src/commands/snapshot.rs
FN:56,_RNvNtNtCslWgGk6K9LsO_10ettlex_cli8commands8snapshot14execute_commit
FN:50,_RNvNtNtCslWgGk6K9LsO_10ettlex_cli8commands8snapshot7execute
FN:56,_RNvNtNtCseVhYX9QvYZV_10ettlex_cli8commands8snapshot14execute_commit
FN:50,_RNvNtNtCseVhYX9QvYZV_10ettlex_cli8commands8snapshot7execute
FNDA:2,_RNvNtNtCslWgGk6K9LsO_10ettlex_cli8commands8snapshot14execute_commit
FNDA:2,_RNvNtNtCslWgGk6K9LsO_10ettlex_cli8commands8snapshot7execute
FNDA:0,_RNvNtNtCseVhYX9QvYZV_10ettlex_cli8commands8snapshot14execute_commit
FNDA:0,_RNvNtNtCseVhYX9QvYZV_10ettlex_cli8commands8snapshot7execute
FNF:2
FNH:2
DA:50,2
DA:51,2
DA:52,2
DA:54,2
DA:56,2
DA:57,2
DA:58,0
DA:59,2
DA:61,2
DA:62,2
DA:63,2
DA:64,2
DA:65,0
DA:66,2
DA:67,2
DA:68,2
DA:70,2
DA:71,2
DA:72,2
DA:73,2
DA:74,2
DA:76,2
DA:77,1
DA:78,1
DA:79,1
DA:80,1
DA:81,1
DA:82,1
DA:84,1
DA:85,1
DA:86,1
DA:87,1
DA:88,1
DA:89,1
DA:90,0
DA:91,1
DA:92,0
DA:93,0
DA:95,0
DA:97,1
DA:99,1
DA:100,1
DA:101,1
DA:102,1
DA:103,1
DA:104,1
DA:105,1
DA:106,1
DA:107,1
DA:108,1
DA:109,1
DA:110,1
DA:111,1
DA:112,0
DA:113,1
DA:114,0
DA:115,0
DA:117,0
DA:120,0
DA:123,2
DA:124,2
DA:125,2
DA:126,0
DA:127,0
DA:128,0
DA:129,2
DA:130,2
DA:131,2
DA:132,2
DA:133,2
DA:134,2
DA:135,0
DA:136,2
DA:139,0
DA:140,0
DA:141,0
DA:142,0
DA:143,0
DA:146,2
DA:147,2
BRF:0
BRH:0
LF:80
LH:60
end_of_record
SF:/Users/nick/Development/EttleX/EttleX-Project/Rust/crates/ettlex-cli/src/main.rs
FN:29,_RNvCsapINyqXVa5W_10ettlex_cli4main
FN:29,_RNvCs5RNcZzFx3h2_10ettlex_cli4main
FNDA:0,_RNvCsapINyqXVa5W_10ettlex_cli4main
FNDA:2,_RNvCs5RNcZzFx3h2_10ettlex_cli4main
FNF:1
FNH:1
DA:29,2
DA:30,2
DA:32,2
DA:33,0
DA:34,0
DA:35,0
DA:36,2
DA:39,2
DA:40,0
DA:41,0
DA:42,2
DA:43,2
BRF:0
BRH:0
LF:12
LH:7
end_of_record
SF:/Users/nick/Development/EttleX/EttleX-Project/Rust/crates/ettlex-core-types/src/correlation.rs
FN:25,_RNvMNtCs3euAMNnSGZH_17ettlex_core_types11correlationNtB2_9RequestId11from_string
FN:15,_RNvMNtCs3euAMNnSGZH_17ettlex_core_types11correlationNtB2_9RequestId3new
FN:20,_RNvMNtCs3euAMNnSGZH_17ettlex_core_types11correlationNtB2_9RequestId6as_str
FN:58,_RNvMs1_NtCs3euAMNnSGZH_17ettlex_core_types11correlationNtB5_7TraceId11from_string
FN:48,_RNvMs1_NtCs3euAMNnSGZH_17ettlex_core_types11correlationNtB5_7TraceId3new
FN:53,_RNvMs1_NtCs3euAMNnSGZH_17ettlex_core_types11correlationNtB5_7TraceId6as_str
FN:91,_RNvMs4_NtCs3euAMNnSGZH_17ettlex_core_types11correlationNtB5_6SpanId11from_string
FN:81,_RNvMs4_NtCs3euAMNnSGZH_17ettlex_core_types11correlationNtB5_6SpanId3new
FN:86,_RNvMs4_NtCs3euAMNnSGZH_17ettlex_core_types11correlationNtB5_6SpanId6as_str
FN:133,_RNvMs7_NtCs3euAMNnSGZH_17ettlex_core_types11correlationNtB5_14RequestContext13with_trace_id
FN:125,_RNvMs7_NtCs3euAMNnSGZH_17ettlex_core_types11correlationNtB5_14RequestContext15with_request_id
FN:117,_RNvMs7_NtCs3euAMNnSGZH_17ettlex_core_types11correlationNtB5_14RequestContext3new
FN:37,_RNvXs0_NtCs3euAMNnSGZH_17ettlex_core_types11correlationNtB5_9RequestIdNtNtCsezyhsC6CBT9_4core3fmt7Display3fmt
FN:64,_RNvXs2_NtCs3euAMNnSGZH_17ettlex_core_types11correlationNtB5_7TraceIdNtNtCsezyhsC6CBT9_4core7default7Default7default
FN:70,_RNvXs3_NtCs3euAMNnSGZH_17ettlex_core_types11correlationNtB5_7TraceIdNtNtCsezyhsC6CBT9_4core3fmt7Display3fmt
FN:97,_RNvXs5_NtCs3euAMNnSGZH_17ettlex_core_types11correlationNtB5_6SpanIdNtNtCsezyhsC6CBT9_4core7default7Default7default
FN:103,_RNvXs6_NtCs3euAMNnSGZH_17ettlex_core_types11correlationNtB5_6SpanIdNtNtCsezyhsC6CBT9_4core3fmt7Display3fmt
FN:140,_RNvXs8_NtCs3euAMNnSGZH_17ettlex_core_types11correlationNtB5_14RequestContextNtNtCsezyhsC6CBT9_4core7default7Default7default
FN:31,_RNvXs_NtCs3euAMNnSGZH_17ettlex_core_types11correlationNtB4_9RequestIdNtNtCsezyhsC6CBT9_4core7default7Default7default
FN:25,_RNvMNtCskCSBKs8Sj7B_17ettlex_core_types11correlationNtB2_9RequestId11from_string
FN:58,_RNvMs1_NtCskCSBKs8Sj7B_17ettlex_core_types11correlationNtB5_7TraceId11from_string
FN:91,_RNvMs4_NtCskCSBKs8Sj7B_17ettlex_core_types11correlationNtB5_6SpanId11from_string
FN:125,_RNvMs7_NtCskCSBKs8Sj7B_17ettlex_core_types11correlationNtB5_14RequestContext15with_request_id
FN:64,_RNvXs2_NtCskCSBKs8Sj7B_17ettlex_core_types11correlationNtB5_7TraceIdNtNtCsezyhsC6CBT9_4core7default7Default7default
FN:70,_RNvXs3_NtCskCSBKs8Sj7B_17ettlex_core_types11correlationNtB5_7TraceIdNtNtCsezyhsC6CBT9_4core3fmt7Display3fmt
FN:97,_RNvXs5_NtCskCSBKs8Sj7B_17ettlex_core_types11correlationNtB5_6SpanIdNtNtCsezyhsC6CBT9_4core7default7Default7default
FN:103,_RNvXs6_NtCskCSBKs8Sj7B_17ettlex_core_types11correlationNtB5_6SpanIdNtNtCsezyhsC6CBT9_4core3fmt7Display3fmt
FN:140,_RNvXs8_NtCskCSBKs8Sj7B_17ettlex_core_types11correlationNtB5_14RequestContextNtNtCsezyhsC6CBT9_4core7default7Default7default
FN:31,_RNvXs_NtCskCSBKs8Sj7B_17ettlex_core_types11correlationNtB4_9RequestIdNtNtCsezyhsC6CBT9_4core7default7Default7default
FN:15,_RNvMNtCskCSBKs8Sj7B_17ettlex_core_types11correlationNtB2_9RequestId3new
FN:20,_RNvMNtCskCSBKs8Sj7B_17ettlex_core_types11correlationNtB2_9RequestId6as_str
FN:48,_RNvMs1_NtCskCSBKs8Sj7B_17ettlex_core_types11correlationNtB5_7TraceId3new
FN:53,_RNvMs1_NtCskCSBKs8Sj7B_17ettlex_core_types11correlationNtB5_7TraceId6as_str
FN:81,_RNvMs4_NtCskCSBKs8Sj7B_17ettlex_core_types11correlationNtB5_6SpanId3new
FN:86,_RNvMs4_NtCskCSBKs8Sj7B_17ettlex_core_types11correlationNtB5_6SpanId6as_str
FN:133,_RNvMs7_NtCskCSBKs8Sj7B_17ettlex_core_types11correlationNtB5_14RequestContext13with_trace_id
FN:117,_RNvMs7_NtCskCSBKs8Sj7B_17ettlex_core_types11correlationNtB5_14RequestContext3new
FN:37,_RNvXs0_NtCskCSBKs8Sj7B_17ettlex_core_types11correlationNtB5_9RequestIdNtNtCsezyhsC6CBT9_4core3fmt7Display3fmt
FN:204,_RNvNtNtCskCSBKs8Sj7B_17ettlex_core_types11correlation5testss_18test_serialization
FN:163,_RNvNtNtCskCSBKs8Sj7B_17ettlex_core_types11correlation5testss_23test_request_id_display
FN:179,_RNvNtNtCskCSBKs8Sj7B_17ettlex_core_types11correlation5testss_23test_span_id_generation
FN:170,_RNvNtNtCskCSBKs8Sj7B_17ettlex_core_types11correlation5testss_24test_trace_id_generation
FN:150,_RNvNtNtCskCSBKs8Sj7B_17ettlex_core_types11correlation5testss_26test_request_id_generation
FN:188,_RNvNtNtCskCSBKs8Sj7B_17ettlex_core_types11correlation5testss_29test_request_context_creation
FN:195,_RNvNtNtCskCSBKs8Sj7B_17ettlex_core_types11correlation5testss_34test_request_context_with_trace_id
FNDA:0,_RNvMNtCs3euAMNnSGZH_17ettlex_core_types11correlationNtB2_9RequestId11from_string
FNDA:2,_RNvMNtCs3euAMNnSGZH_17ettlex_core_types11correlationNtB2_9RequestId3new
FNDA:0,_RNvMNtCs3euAMNnSGZH_17ettlex_core_types11correlationNtB2_9RequestId6as_str
FNDA:0,_RNvMs1_NtCs3euAMNnSGZH_17ettlex_core_types11correlationNtB5_7TraceId11from_string
FNDA:1,_RNvMs1_NtCs3euAMNnSGZH_17ettlex_core_types11correlationNtB5_7TraceId3new
FNDA:0,_RNvMs1_NtCs3euAMNnSGZH_17ettlex_core_types11correlationNtB5_7TraceId6as_str
FNDA:0,_RNvMs4_NtCs3euAMNnSGZH_17ettlex_core_types11correlationNtB5_6SpanId11from_string
FNDA:0,_RNvMs4_NtCs3euAMNnSGZH_17ettlex_core_types11correlationNtB5_6SpanId3new
FNDA:0,_RNvMs4_NtCs3euAMNnSGZH_17ettlex_core_types11correlationNtB5_6SpanId6as_str
FNDA:0,_RNvMs7_NtCs3euAMNnSGZH_17ettlex_core_types11correlationNtB5_14RequestContext13with_trace_id
FNDA:0,_RNvMs7_NtCs3euAMNnSGZH_17ettlex_core_types11correlationNtB5_14RequestContext15with_request_id
FNDA:0,_RNvMs7_NtCs3euAMNnSGZH_17ettlex_core_types11correlationNtB5_14RequestContext3new
FNDA:0,_RNvXs0_NtCs3euAMNnSGZH_17ettlex_core_types11correlationNtB5_9RequestIdNtNtCsezyhsC6CBT9_4core3fmt7Display3fmt
FNDA:0,_RNvXs2_NtCs3euAMNnSGZH_17ettlex_core_types11correlationNtB5_7TraceIdNtNtCsezyhsC6CBT9_4core7default7Default7default
FNDA:0,_RNvXs3_NtCs3euAMNnSGZH_17ettlex_core_types11correlationNtB5_7TraceIdNtNtCsezyhsC6CBT9_4core3fmt7Display3fmt
FNDA:0,_RNvXs5_NtCs3euAMNnSGZH_17ettlex_core_types11correlationNtB5_6SpanIdNtNtCsezyhsC6CBT9_4core7default7Default7default
FNDA:0,_RNvXs6_NtCs3euAMNnSGZH_17ettlex_core_types11correlationNtB5_6SpanIdNtNtCsezyhsC6CBT9_4core3fmt7Display3fmt
FNDA:0,_RNvXs8_NtCs3euAMNnSGZH_17ettlex_core_types11correlationNtB5_14RequestContextNtNtCsezyhsC6CBT9_4core7default7Default7default
FNDA:0,_RNvXs_NtCs3euAMNnSGZH_17ettlex_core_types11correlationNtB4_9RequestIdNtNtCsezyhsC6CBT9_4core7default7Default7default
FNDA:0,_RNvMNtCskCSBKs8Sj7B_17ettlex_core_types11correlationNtB2_9RequestId11from_string
FNDA:0,_RNvMs1_NtCskCSBKs8Sj7B_17ettlex_core_types11correlationNtB5_7TraceId11from_string
FNDA:0,_RNvMs4_NtCskCSBKs8Sj7B_17ettlex_core_types11correlationNtB5_6SpanId11from_string
FNDA:0,_RNvMs7_NtCskCSBKs8Sj7B_17ettlex_core_types11correlationNtB5_14RequestContext15with_request_id
FNDA:0,_RNvXs2_NtCskCSBKs8Sj7B_17ettlex_core_types11correlationNtB5_7TraceIdNtNtCsezyhsC6CBT9_4core7default7Default7default
FNDA:0,_RNvXs3_NtCskCSBKs8Sj7B_17ettlex_core_types11correlationNtB5_7TraceIdNtNtCsezyhsC6CBT9_4core3fmt7Display3fmt
FNDA:0,_RNvXs5_NtCskCSBKs8Sj7B_17ettlex_core_types11correlationNtB5_6SpanIdNtNtCsezyhsC6CBT9_4core7default7Default7default
FNDA:0,_RNvXs6_NtCskCSBKs8Sj7B_17ettlex_core_types11correlationNtB5_6SpanIdNtNtCsezyhsC6CBT9_4core3fmt7Display3fmt
FNDA:0,_RNvXs8_NtCskCSBKs8Sj7B_17ettlex_core_types11correlationNtB5_14RequestContextNtNtCsezyhsC6CBT9_4core7default7Default7default
FNDA:0,_RNvXs_NtCskCSBKs8Sj7B_17ettlex_core_types11correlationNtB4_9RequestIdNtNtCsezyhsC6CBT9_4core7default7Default7default
FNDA:6,_RNvMNtCskCSBKs8Sj7B_17ettlex_core_types11correlationNtB2_9RequestId3new
FNDA:4,_RNvMNtCskCSBKs8Sj7B_17ettlex_core_types11correlationNtB2_9RequestId6as_str
FNDA:3,_RNvMs1_NtCskCSBKs8Sj7B_17ettlex_core_types11correlationNtB5_7TraceId3new
FNDA:1,_RNvMs1_NtCskCSBKs8Sj7B_17ettlex_core_types11correlationNtB5_7TraceId6as_str
FNDA:2,_RNvMs4_NtCskCSBKs8Sj7B_17ettlex_core_types11correlationNtB5_6SpanId3new
FNDA:1,_RNvMs4_NtCskCSBKs8Sj7B_17ettlex_core_types11correlationNtB5_6SpanId6as_str
FNDA:1,_RNvMs7_NtCskCSBKs8Sj7B_17ettlex_core_types11correlationNtB5_14RequestContext13with_trace_id
FNDA:2,_RNvMs7_NtCskCSBKs8Sj7B_17ettlex_core_types11correlationNtB5_14RequestContext3new
FNDA:1,_RNvXs0_NtCskCSBKs8Sj7B_17ettlex_core_types11correlationNtB5_9RequestIdNtNtCsezyhsC6CBT9_4core3fmt7Display3fmt
FNDA:1,_RNvNtNtCskCSBKs8Sj7B_17ettlex_core_types11correlation5testss_18test_serialization
FNDA:1,_RNvNtNtCskCSBKs8Sj7B_17ettlex_core_types11correlation5testss_23test_request_id_display
FNDA:1,_RNvNtNtCskCSBKs8Sj7B_17ettlex_core_types11correlation5testss_23test_span_id_generation
FNDA:1,_RNvNtNtCskCSBKs8Sj7B_17ettlex_core_types11correlation5testss_24test_trace_id_generation
FNDA:1,_RNvNtNtCskCSBKs8Sj7B_17ettlex_core_types11correlation5testss_26test_request_id_generation
FNDA:1,_RNvNtNtCskCSBKs8Sj7B_17ettlex_core_types11correlation5testss_29test_request_context_creation
FNDA:1,_RNvNtNtCskCSBKs8Sj7B_17ettlex_core_types11correlation5testss_34test_request_context_with_trace_id
FNF:26
FNH:16
DA:15,8
DA:16,8
DA:17,8
DA:20,4
DA:21,4
DA:22,4
DA:25,0
DA:26,0
DA:27,0
DA:31,0
DA:32,0
DA:33,0
DA:37,1
DA:38,1
DA:39,1
DA:48,4
DA:49,4
DA:50,4
DA:53,1
DA:54,1
DA:55,1
DA:58,0
DA:59,0
DA:60,0
DA:64,0
DA:65,0
DA:66,0
DA:70,0
DA:71,0
DA:72,0
DA:81,2
DA:82,2
DA:83,2
DA:86,1
DA:87,1
DA:88,1
DA:91,0
DA:92,0
DA:93,0
DA:97,0
DA:98,0
DA:99,0
DA:103,0
DA:104,0
DA:105,0
DA:117,2
DA:118,2
DA:119,2
DA:120,2
DA:121,2
DA:122,2
DA:125,0
DA:126,0
DA:127,0
DA:128,0
DA:129,0
DA:130,0
DA:133,1
DA:134,1
DA:135,1
DA:136,1
DA:140,0
DA:141,0
DA:142,0
DA:150,1
DA:151,1
DA:152,1
DA:155,1
DA:158,1
DA:159,1
DA:160,1
DA:163,1
DA:164,1
DA:165,1
DA:166,1
DA:167,1
DA:170,1
DA:171,1
DA:172,1
DA:174,1
DA:175,1
DA:176,1
DA:179,1
DA:180,1
DA:181,1
DA:183,1
DA:184,1
DA:185,1
DA:188,1
DA:189,1
DA:190,1
DA:191,1
DA:192,1
DA:195,1
DA:196,1
DA:197,1
DA:199,1
DA:200,1
DA:201,1
DA:204,1
DA:205,1
DA:206,1
DA:207,1
DA:208,1
DA:209,1
BRF:0
BRH:0
LF:105
LH:72
end_of_record
SF:/Users/nick/Development/EttleX/EttleX-Project/Rust/crates/ettlex-core-types/src/schema.rs
FN:37,_RNvNtNtCskCSBKs8Sj7B_17ettlex_core_types6schema5testss_28test_constants_accessibility
FN:47,_RNvNtNtCskCSBKs8Sj7B_17ettlex_core_types6schema5testss_29test_event_names_are_distinct
FNDA:1,_RNvNtNtCskCSBKs8Sj7B_17ettlex_core_types6schema5testss_28test_constants_accessibility
FNDA:1,_RNvNtNtCskCSBKs8Sj7B_17ettlex_core_types6schema5testss_29test_event_names_are_distinct
FNF:2
FNH:2
DA:37,1
DA:39,1
DA:40,1
DA:41,1
DA:42,1
DA:43,1
DA:44,1
DA:47,1
DA:48,1
DA:49,1
DA:50,1
DA:51,1
BRF:0
BRH:0
LF:12
LH:12
end_of_record
SF:/Users/nick/Development/EttleX/EttleX-Project/Rust/crates/ettlex-core-types/src/sensitive.rs
FN:39,_RNvMNtCs3euAMNnSGZH_17ettlex_core_types9sensitiveINtB2_9SensitivepE10into_innerB4_
FN:26,_RNvMNtCs3euAMNnSGZH_17ettlex_core_types9sensitiveINtB2_9SensitivepE3newB4_
FN:34,_RNvMNtCs3euAMNnSGZH_17ettlex_core_types9sensitiveINtB2_9SensitivepE6exposeB4_
FN:51,_RNvXININtCs3euAMNnSGZH_17ettlex_core_types9sensitives0_0pEINtB5_9SensitivepENtNtCsezyhsC6CBT9_4core3fmt7Display3fmtB7_
FN:57,_RNvXININtCs3euAMNnSGZH_17ettlex_core_types9sensitives1_0pEINtB5_9SensitivepENtNtCsezyhsC6CBT9_4core5clone5Clone5cloneB7_
FN:45,_RNvXININtCs3euAMNnSGZH_17ettlex_core_types9sensitives_0pEINtB5_9SensitivepENtNtCsezyhsC6CBT9_4core3fmt5Debug3fmtB7_
FN:96,_RNvNtNtCskCSBKs8Sj7B_17ettlex_core_types9sensitive5testss_20test_sensitive_clone
FN:83,_RNvNtNtCskCSBKs8Sj7B_17ettlex_core_types9sensitive5testss_21test_sensitive_expose
FN:89,_RNvNtNtCskCSBKs8Sj7B_17ettlex_core_types9sensitive5testss_25test_sensitive_into_inner
FN:103,_RNvNtNtCskCSBKs8Sj7B_17ettlex_core_types9sensitive5testss_26test_sensitive_with_struct
FN:67,_RNvNtNtCskCSBKs8Sj7B_17ettlex_core_types9sensitive5testss_30test_sensitive_debug_redaction
FN:75,_RNvNtNtCskCSBKs8Sj7B_17ettlex_core_types9sensitive5testss_32test_sensitive_display_redaction
FN:39,_RNvMNtCskCSBKs8Sj7B_17ettlex_core_types9sensitiveINtB2_9SensitiveNtNtCs5bkkNO3hTYU_5alloc6string6StringE10into_innerB4_
FN:26,_RNvMNtCskCSBKs8Sj7B_17ettlex_core_types9sensitiveINtB2_9SensitiveNtNtCs5bkkNO3hTYU_5alloc6string6StringE3newB4_
FN:34,_RNvMNtCskCSBKs8Sj7B_17ettlex_core_types9sensitiveINtB2_9SensitiveNtNtCs5bkkNO3hTYU_5alloc6string6StringE6exposeB4_
FN:26,_RNvMNtCskCSBKs8Sj7B_17ettlex_core_types9sensitiveINtB2_9SensitiveReE3newB4_
FN:26,_RNvMNtCskCSBKs8Sj7B_17ettlex_core_types9sensitiveINtB2_9SensitivelE3newB4_
FN:34,_RNvMNtCskCSBKs8Sj7B_17ettlex_core_types9sensitiveINtB2_9SensitivelE6exposeB4_
FN:51,_RNvXs0_NtCskCSBKs8Sj7B_17ettlex_core_types9sensitiveINtB5_9SensitiveReENtNtCsezyhsC6CBT9_4core3fmt7Display3fmtB7_
FN:57,_RNvXs1_NtCskCSBKs8Sj7B_17ettlex_core_types9sensitiveINtB5_9SensitiveNtNtCs5bkkNO3hTYU_5alloc6string6StringENtNtCsezyhsC6CBT9_4core5clone5Clone5cloneB7_
FN:45,_RNvXs_NtCskCSBKs8Sj7B_17ettlex_core_types9sensitiveINtB4_9SensitiveNtNtCs5bkkNO3hTYU_5alloc6string6StringENtNtCsezyhsC6CBT9_4core3fmt5Debug3fmtB6_
FN:45,_RNvXs_NtCskCSBKs8Sj7B_17ettlex_core_types9sensitiveINtB4_9SensitiveReENtNtCsezyhsC6CBT9_4core3fmt5Debug3fmtB6_
FNDA:0,_RNvMNtCs3euAMNnSGZH_17ettlex_core_types9sensitiveINtB2_9SensitivepE10into_innerB4_
FNDA:0,_RNvMNtCs3euAMNnSGZH_17ettlex_core_types9sensitiveINtB2_9SensitivepE3newB4_
FNDA:0,_RNvMNtCs3euAMNnSGZH_17ettlex_core_types9sensitiveINtB2_9SensitivepE6exposeB4_
FNDA:0,_RNvXININtCs3euAMNnSGZH_17ettlex_core_types9sensitives0_0pEINtB5_9SensitivepENtNtCsezyhsC6CBT9_4core3fmt7Display3fmtB7_
FNDA:0,_RNvXININtCs3euAMNnSGZH_17ettlex_core_types9sensitives1_0pEINtB5_9SensitivepENtNtCsezyhsC6CBT9_4core5clone5Clone5cloneB7_
FNDA:0,_RNvXININtCs3euAMNnSGZH_17ettlex_core_types9sensitives_0pEINtB5_9SensitivepENtNtCsezyhsC6CBT9_4core3fmt5Debug3fmtB7_
FNDA:1,_RNvNtNtCskCSBKs8Sj7B_17ettlex_core_types9sensitive5testss_20test_sensitive_clone
FNDA:1,_RNvNtNtCskCSBKs8Sj7B_17ettlex_core_types9sensitive5testss_21test_sensitive_expose
FNDA:1,_RNvNtNtCskCSBKs8Sj7B_17ettlex_core_types9sensitive5testss_25test_sensitive_into_inner
FNDA:1,_RNvNtNtCskCSBKs8Sj7B_17ettlex_core_types9sensitive5testss_26test_sensitive_with_struct
FNDA:1,_RNvNtNtCskCSBKs8Sj7B_17ettlex_core_types9sensitive5testss_30test_sensitive_debug_redaction
FNDA:1,_RNvNtNtCskCSBKs8Sj7B_17ettlex_core_types9sensitive5testss_32test_sensitive_display_redaction
FNDA:1,_RNvMNtCskCSBKs8Sj7B_17ettlex_core_types9sensitiveINtB2_9SensitiveNtNtCs5bkkNO3hTYU_5alloc6string6StringE10into_innerB4_
FNDA:3,_RNvMNtCskCSBKs8Sj7B_17ettlex_core_types9sensitiveINtB2_9SensitiveNtNtCs5bkkNO3hTYU_5alloc6string6StringE3newB4_
FNDA:2,_RNvMNtCskCSBKs8Sj7B_17ettlex_core_types9sensitiveINtB2_9SensitiveNtNtCs5bkkNO3hTYU_5alloc6string6StringE6exposeB4_
FNDA:2,_RNvMNtCskCSBKs8Sj7B_17ettlex_core_types9sensitiveINtB2_9SensitiveReE3newB4_
FNDA:1,_RNvMNtCskCSBKs8Sj7B_17ettlex_core_types9sensitiveINtB2_9SensitivelE3newB4_
FNDA:1,_RNvMNtCskCSBKs8Sj7B_17ettlex_core_types9sensitiveINtB2_9SensitivelE6exposeB4_
FNDA:1,_RNvXs0_NtCskCSBKs8Sj7B_17ettlex_core_types9sensitiveINtB5_9SensitiveReENtNtCsezyhsC6CBT9_4core3fmt7Display3fmtB7_
FNDA:1,_RNvXs1_NtCskCSBKs8Sj7B_17ettlex_core_types9sensitiveINtB5_9SensitiveNtNtCs5bkkNO3hTYU_5alloc6string6StringENtNtCsezyhsC6CBT9_4core5clone5Clone5cloneB7_
FNDA:1,_RNvXs_NtCskCSBKs8Sj7B_17ettlex_core_types9sensitiveINtB4_9SensitiveNtNtCs5bkkNO3hTYU_5alloc6string6StringENtNtCsezyhsC6CBT9_4core3fmt5Debug3fmtB6_
FNDA:1,_RNvXs_NtCskCSBKs8Sj7B_17ettlex_core_types9sensitiveINtB4_9SensitiveReENtNtCsezyhsC6CBT9_4core3fmt5Debug3fmtB6_
FNF:12
FNH:12
DA:26,6
DA:27,6
DA:28,6
DA:34,3
DA:35,3
DA:36,3
DA:39,1
DA:40,1
DA:41,1
DA:45,2
DA:46,2
DA:47,2
DA:51,1
DA:52,1
DA:53,1
DA:57,1
DA:58,1
DA:59,1
DA:67,1
DA:68,1
DA:69,1
DA:70,1
DA:71,1
DA:72,1
DA:75,1
DA:76,1
DA:77,1
DA:78,1
DA:79,1
DA:80,1
DA:83,1
DA:84,1
DA:85,1
DA:86,1
DA:89,1
DA:90,1
DA:91,1
DA:92,1
DA:93,1
DA:96,1
DA:97,1
DA:98,1
DA:99,1
DA:100,1
DA:103,1
DA:111,1
DA:112,1
DA:113,1
DA:114,1
DA:116,1
DA:117,1
DA:118,1
DA:119,1
DA:120,1
BRF:0
BRH:0
LF:54
LH:54
end_of_record
SF:/Users/nick/Development/EttleX/EttleX-Project/Rust/crates/ettlex-core/src/apply.rs
FN:368,_RNCNvNtCs4640luT8Huz_11ettlex_core5apply14hard_delete_ep0B5_
FN:394,_RNCNvNtCs4640luT8Huz_11ettlex_core5apply14hard_delete_eps0_0B5_
FN:388,_RNCNvNtCs4640luT8Huz_11ettlex_core5apply14hard_delete_eps_0B5_
FN:345,_RNvNtCs4640luT8Huz_11ettlex_core5apply14hard_delete_ep
FN:84,_RNvNtCs4640luT8Huz_11ettlex_core5apply5apply
FN:456,_RNvNtNtCsixIA6ROfhIR_11ettlex_core5apply5testss_20test_apply_ep_create
FN:417,_RNvNtNtCsixIA6ROfhIR_11ettlex_core5apply5testss_23test_apply_ettle_create
FN:436,_RNvNtNtCsixIA6ROfhIR_11ettlex_core5apply5testss_23test_apply_ettle_update
FN:598,_RNvNtNtCsixIA6ROfhIR_11ettlex_core5apply5testss_26test_apply_atomic_on_error
FN:621,_RNvNtNtCsixIA6ROfhIR_11ettlex_core5apply5testss_28test_apply_constraint_create
FN:570,_RNvNtNtCsixIA6ROfhIR_11ettlex_core5apply5testss_28test_apply_refine_link_child
FN:552,_RNvNtNtCsixIA6ROfhIR_11ettlex_core5apply5testss_34test_hard_delete_cannot_delete_ep0
FN:791,_RNvNtNtCsixIA6ROfhIR_11ettlex_core5apply5testss_36test_apply_constraint_attach_success
FN:958,_RNvNtNtCsixIA6ROfhIR_11ettlex_core5apply5testss_36test_apply_constraint_detach_success
FN:690,_RNvNtNtCsixIA6ROfhIR_11ettlex_core5apply5testss_36test_apply_constraint_update_deleted
FN:642,_RNvNtNtCsixIA6ROfhIR_11ettlex_core5apply5testss_36test_apply_constraint_update_success
FN:719,_RNvNtNtCsixIA6ROfhIR_11ettlex_core5apply5testss_39test_apply_constraint_tombstone_success
FN:670,_RNvNtNtCsixIA6ROfhIR_11ettlex_core5apply5testss_40test_apply_constraint_update_nonexistent
FN:993,_RNvNtNtCsixIA6ROfhIR_11ettlex_core5apply5testss_41test_apply_constraint_detach_not_attached
FN:517,_RNvNtNtCsixIA6ROfhIR_11ettlex_core5apply5testss_42test_apply_ep_delete_hard_for_non_anchored
FN:889,_RNvNtNtCsixIA6ROfhIR_11ettlex_core5apply5testss_43test_apply_constraint_attach_nonexistent_ep
FN:746,_RNvNtNtCsixIA6ROfhIR_11ettlex_core5apply5testss_43test_apply_constraint_tombstone_nonexistent
FN:479,_RNvNtNtCsixIA6ROfhIR_11ettlex_core5apply5testss_43test_apply_ep_delete_tombstone_for_anchored
FN:918,_RNvNtNtCsixIA6ROfhIR_11ettlex_core5apply5testss_45test_apply_constraint_attach_already_attached
FN:850,_RNvNtNtCsixIA6ROfhIR_11ettlex_core5apply5testss_47test_apply_constraint_attach_deleted_constraint
FN:763,_RNvNtNtCsixIA6ROfhIR_11ettlex_core5apply5testss_47test_apply_constraint_tombstone_already_deleted
FN:825,_RNvNtNtCsixIA6ROfhIR_11ettlex_core5apply5testss_51test_apply_constraint_attach_nonexistent_constraint
FN:345,_RNvNtCsixIA6ROfhIR_11ettlex_core5apply14hard_delete_ep
FN:84,_RNvNtCsixIA6ROfhIR_11ettlex_core5apply5apply
FN:368,_RNCNvNtCsixIA6ROfhIR_11ettlex_core5apply14hard_delete_ep0B5_
FN:394,_RNCNvNtCsixIA6ROfhIR_11ettlex_core5apply14hard_delete_eps0_0B5_
FN:388,_RNCNvNtCsixIA6ROfhIR_11ettlex_core5apply14hard_delete_eps_0B5_
FNDA:0,_RNCNvNtCs4640luT8Huz_11ettlex_core5apply14hard_delete_ep0B5_
FNDA:12,_RNCNvNtCs4640luT8Huz_11ettlex_core5apply14hard_delete_eps0_0B5_
FNDA:0,_RNCNvNtCs4640luT8Huz_11ettlex_core5apply14hard_delete_eps_0B5_
FNDA:7,_RNvNtCs4640luT8Huz_11ettlex_core5apply14hard_delete_ep
FNDA:49,_RNvNtCs4640luT8Huz_11ettlex_core5apply5apply
FNDA:1,_RNvNtNtCsixIA6ROfhIR_11ettlex_core5apply5testss_20test_apply_ep_create
FNDA:1,_RNvNtNtCsixIA6ROfhIR_11ettlex_core5apply5testss_23test_apply_ettle_create
FNDA:1,_RNvNtNtCsixIA6ROfhIR_11ettlex_core5apply5testss_23test_apply_ettle_update
FNDA:1,_RNvNtNtCsixIA6ROfhIR_11ettlex_core5apply5testss_26test_apply_atomic_on_error
FNDA:1,_RNvNtNtCsixIA6ROfhIR_11ettlex_core5apply5testss_28test_apply_constraint_create
FNDA:1,_RNvNtNtCsixIA6ROfhIR_11ettlex_core5apply5testss_28test_apply_refine_link_child
FNDA:1,_RNvNtNtCsixIA6ROfhIR_11ettlex_core5apply5testss_34test_hard_delete_cannot_delete_ep0
FNDA:1,_RNvNtNtCsixIA6ROfhIR_11ettlex_core5apply5testss_36test_apply_constraint_attach_success
FNDA:1,_RNvNtNtCsixIA6ROfhIR_11ettlex_core5apply5testss_36test_apply_constraint_detach_success
FNDA:1,_RNvNtNtCsixIA6ROfhIR_11ettlex_core5apply5testss_36test_apply_constraint_update_deleted
FNDA:1,_RNvNtNtCsixIA6ROfhIR_11ettlex_core5apply5testss_36test_apply_constraint_update_success
FNDA:1,_RNvNtNtCsixIA6ROfhIR_11ettlex_core5apply5testss_39test_apply_constraint_tombstone_success
FNDA:1,_RNvNtNtCsixIA6ROfhIR_11ettlex_core5apply5testss_40test_apply_constraint_update_nonexistent
FNDA:1,_RNvNtNtCsixIA6ROfhIR_11ettlex_core5apply5testss_41test_apply_constraint_detach_not_attached
FNDA:1,_RNvNtNtCsixIA6ROfhIR_11ettlex_core5apply5testss_42test_apply_ep_delete_hard_for_non_anchored
FNDA:1,_RNvNtNtCsixIA6ROfhIR_11ettlex_core5apply5testss_43test_apply_constraint_attach_nonexistent_ep
FNDA:1,_RNvNtNtCsixIA6ROfhIR_11ettlex_core5apply5testss_43test_apply_constraint_tombstone_nonexistent
FNDA:1,_RNvNtNtCsixIA6ROfhIR_11ettlex_core5apply5testss_43test_apply_ep_delete_tombstone_for_anchored
FNDA:1,_RNvNtNtCsixIA6ROfhIR_11ettlex_core5apply5testss_45test_apply_constraint_attach_already_attached
FNDA:1,_RNvNtNtCsixIA6ROfhIR_11ettlex_core5apply5testss_47test_apply_constraint_attach_deleted_constraint
FNDA:1,_RNvNtNtCsixIA6ROfhIR_11ettlex_core5apply5testss_47test_apply_constraint_tombstone_already_deleted
FNDA:1,_RNvNtNtCsixIA6ROfhIR_11ettlex_core5apply5testss_51test_apply_constraint_attach_nonexistent_constraint
FNDA:2,_RNvNtCsixIA6ROfhIR_11ettlex_core5apply14hard_delete_ep
FNDA:22,_RNvNtCsixIA6ROfhIR_11ettlex_core5apply5apply
FNDA:0,_RNCNvNtCsixIA6ROfhIR_11ettlex_core5apply14hard_delete_ep0B5_
FNDA:2,_RNCNvNtCsixIA6ROfhIR_11ettlex_core5apply14hard_delete_eps0_0B5_
FNDA:0,_RNCNvNtCsixIA6ROfhIR_11ettlex_core5apply14hard_delete_eps_0B5_
FNF:27
FNH:25
DA:84,71
DA:85,71
DA:87,11
DA:88,11
DA:89,11
DA:90,11
DA:91,11
DA:93,11
DA:94,8
DA:98,5
DA:99,5
DA:100,5
DA:102,5
DA:103,2
DA:106,1
DA:107,1
DA:108,1
DA:112,4
DA:113,4
DA:114,4
DA:115,4
DA:116,4
DA:117,4
DA:119,4
DA:120,2
DA:124,13
DA:125,13
DA:126,13
DA:127,13
DA:128,13
DA:129,13
DA:131,13
DA:132,8
DA:135,13
DA:137,13
DA:139,4
DA:142,9
DA:144,10
DA:148,3
DA:149,3
DA:151,3
DA:153,2
DA:154,2
DA:157,1
DA:158,1
DA:160,1
DA:161,1
DA:165,1
DA:166,1
DA:167,1
DA:168,1
DA:169,1
DA:171,1
DA:172,1
DA:173,1
DA:174,1
DA:175,1
DA:176,1
DA:177,1
DA:178,0
DA:179,1
DA:183,3
DA:184,3
DA:186,3
DA:187,1
DA:190,3
DA:191,3
DA:192,1
DA:196,5
DA:197,5
DA:198,5
DA:200,5
DA:201,1
DA:205,2
DA:206,2
DA:208,2
DA:209,1
DA:213,1
DA:214,1
DA:215,1
DA:216,1
DA:217,1
DA:218,1
DA:219,1
DA:220,1
DA:221,1
DA:222,1
DA:223,1
DA:225,1
DA:226,1
DA:227,1
DA:228,1
DA:229,1
DA:230,1
DA:231,1
DA:232,1
DA:233,1
DA:234,1
DA:235,1
DA:236,1
DA:237,1
DA:238,0
DA:239,1
DA:243,1
DA:244,1
DA:245,1
DA:246,1
DA:247,1
DA:248,1
DA:249,1
DA:250,1
DA:251,1
DA:252,1
DA:253,1
DA:255,1
DA:256,1
DA:257,1
DA:258,1
DA:259,1
DA:260,1
DA:261,1
DA:262,1
DA:263,1
DA:264,1
DA:265,1
DA:266,1
DA:267,1
DA:268,0
DA:269,1
DA:272,1
DA:273,1
DA:274,1
DA:278,1
DA:279,1
DA:280,1
DA:281,1
DA:282,1
DA:284,1
DA:285,1
DA:286,1
DA:287,1
DA:288,1
DA:289,1
DA:290,1
DA:291,0
DA:292,1
DA:296,1
DA:297,1
DA:298,1
DA:299,1
DA:301,1
DA:302,1
DA:303,1
DA:304,1
DA:305,1
DA:306,1
DA:307,0
DA:308,1
DA:312,1
DA:313,1
DA:315,1
DA:316,1
DA:319,71
DA:345,9
DA:350,9
DA:353,9
DA:354,3
DA:355,3
DA:356,3
DA:357,6
DA:360,6
DA:362,0
DA:363,0
DA:366,0
DA:367,0
DA:368,0
DA:369,0
DA:372,0
DA:373,0
DA:374,0
DA:375,0
DA:376,0
DA:377,0
DA:378,6
DA:381,6
DA:384,6
DA:385,6
DA:386,6
DA:387,6
DA:388,0
DA:389,0
DA:392,6
DA:393,6
DA:394,14
DA:397,6
DA:398,0
DA:399,0
DA:400,0
DA:401,0
DA:402,6
DA:404,6
DA:406,6
DA:407,9
DA:417,1
DA:418,1
DA:419,1
DA:420,1
DA:421,1
DA:422,1
DA:423,1
DA:424,1
DA:425,1
DA:427,1
DA:428,1
DA:430,1
DA:431,1
DA:432,1
DA:433,1
DA:436,1
DA:437,1
DA:438,1
DA:439,1
DA:440,1
DA:442,1
DA:443,1
DA:444,1
DA:445,1
DA:446,1
DA:448,1
DA:449,1
DA:451,1
DA:452,1
DA:453,1
DA:456,1
DA:457,1
DA:458,1
DA:459,1
DA:460,1
DA:462,1
DA:463,1
DA:464,1
DA:465,1
DA:466,1
DA:467,1
DA:468,1
DA:469,1
DA:471,1
DA:472,1
DA:474,1
DA:475,1
DA:476,1
DA:479,1
DA:480,1
DA:481,1
DA:482,1
DA:483,1
DA:484,1
DA:485,1
DA:486,1
DA:489,1
DA:490,1
DA:491,1
DA:493,1
DA:496,1
DA:497,1
DA:498,1
DA:500,1
DA:501,1
DA:502,1
DA:504,1
DA:507,1
DA:508,1
DA:509,1
DA:512,1
DA:513,1
DA:514,1
DA:517,1
DA:518,1
DA:519,1
DA:520,1
DA:521,1
DA:522,1
DA:523,1
DA:524,1
DA:527,1
DA:528,1
DA:529,1
DA:531,1
DA:534,1
DA:536,1
DA:537,1
DA:538,1
DA:540,1
DA:543,1
DA:546,1
DA:547,1
DA:548,1
DA:549,1
DA:552,1
DA:553,1
DA:554,1
DA:555,1
DA:556,1
DA:558,1
DA:559,1
DA:561,1
DA:562,1
DA:564,1
DA:565,1
DA:566,1
DA:567,1
DA:570,1
DA:571,1
DA:572,1
DA:573,1
DA:574,1
DA:575,1
DA:576,1
DA:577,1
DA:579,1
DA:580,1
DA:582,1
DA:583,1
DA:584,1
DA:585,1
DA:587,1
DA:588,1
DA:590,1
DA:591,1
DA:593,1
DA:594,1
DA:595,1
DA:598,1
DA:599,1
DA:600,1
DA:601,1
DA:602,1
DA:603,1
DA:604,1
DA:605,1
DA:606,1
DA:608,1
DA:609,1
DA:612,1
DA:615,1
DA:616,1
DA:621,1
DA:624,1
DA:625,1
DA:626,1
DA:627,1
DA:628,1
DA:629,1
DA:630,1
DA:631,1
DA:633,1
DA:634,1
DA:636,1
DA:637,1
DA:638,1
DA:639,1
DA:642,1
DA:646,1
DA:647,1
DA:648,1
DA:649,1
DA:650,1
DA:651,1
DA:652,1
DA:653,1
DA:655,1
DA:657,1
DA:658,1
DA:659,1
DA:660,1
DA:662,1
DA:663,1
DA:665,1
DA:666,1
DA:667,1
DA:670,1
DA:673,1
DA:674,1
DA:675,1
DA:676,1
DA:677,1
DA:679,1
DA:680,1
DA:682,1
DA:683,1
DA:684,1
DA:687,1
DA:690,1
DA:694,1
DA:695,1
DA:696,1
DA:697,1
DA:698,1
DA:699,1
DA:700,1
DA:701,1
DA:703,1
DA:704,1
DA:706,1
DA:707,1
DA:708,1
DA:709,1
DA:711,1
DA:712,1
DA:714,1
DA:715,1
DA:716,1
DA:719,1
DA:723,1
DA:724,1
DA:725,1
DA:726,1
DA:727,1
DA:728,1
DA:729,1
DA:730,1
DA:732,1
DA:734,1
DA:735,1
DA:736,1
DA:738,1
DA:739,1
DA:741,1
DA:742,1
DA:743,1
DA:746,1
DA:747,1
DA:748,1
DA:749,1
DA:750,1
DA:752,1
DA:753,1
DA:755,1
DA:756,1
DA:757,1
DA:760,1
DA:763,1
DA:767,1
DA:768,1
DA:769,1
DA:770,1
DA:771,1
DA:772,1
DA:773,1
DA:774,1
DA:776,1
DA:777,1
DA:779,1
DA:780,1
DA:781,1
DA:783,1
DA:784,1
DA:786,1
DA:787,1
DA:788,1
DA:791,1
DA:795,1
DA:796,1
DA:797,1
DA:798,1
DA:799,1
DA:800,1
DA:802,1
DA:803,1
DA:804,1
DA:805,1
DA:806,1
DA:807,1
DA:808,1
DA:810,1
DA:812,1
DA:813,1
DA:814,1
DA:815,1
DA:816,1
DA:818,1
DA:819,1
DA:821,1
DA:822,1
DA:825,1
DA:826,1
DA:827,1
DA:828,1
DA:829,1
DA:830,1
DA:831,1
DA:833,1
DA:834,1
DA:835,1
DA:836,1
DA:837,1
DA:839,1
DA:840,1
DA:842,1
DA:843,1
DA:844,1
DA:847,1
DA:850,1
DA:854,1
DA:855,1
DA:856,1
DA:857,1
DA:858,1
DA:859,1
DA:861,1
DA:862,1
DA:863,1
DA:864,1
DA:865,1
DA:866,1
DA:867,1
DA:869,1
DA:870,1
DA:872,1
DA:873,1
DA:874,1
DA:875,1
DA:876,1
DA:878,1
DA:879,1
DA:881,1
DA:882,1
DA:883,1
DA:886,1
DA:889,1
DA:893,1
DA:894,1
DA:895,1
DA:896,1
DA:897,1
DA:898,1
DA:899,1
DA:900,1
DA:902,1
DA:904,1
DA:905,1
DA:906,1
DA:907,1
DA:908,1
DA:910,1
DA:911,1
DA:913,1
DA:914,1
DA:915,1
DA:918,1
DA:922,1
DA:923,1
DA:924,1
DA:925,1
DA:926,1
DA:927,1
DA:929,1
DA:930,1
DA:931,1
DA:932,1
DA:933,1
DA:934,1
DA:935,1
DA:937,1
DA:938,1
DA:939,1
DA:941,1
DA:942,1
DA:943,1
DA:944,1
DA:945,1
DA:947,1
DA:948,1
DA:950,1
DA:951,1
DA:952,1
DA:955,1
DA:958,1
DA:962,1
DA:963,1
DA:964,1
DA:965,1
DA:966,1
DA:967,1
DA:969,1
DA:970,1
DA:971,1
DA:972,1
DA:973,1
DA:974,1
DA:975,1
DA:977,1
DA:978,1
DA:979,1
DA:981,1
DA:982,1
DA:983,1
DA:984,1
DA:986,1
DA:987,1
DA:989,1
DA:990,1
DA:993,1
DA:997,1
DA:998,1
DA:999,1
DA:1000,1
DA:1001,1
DA:1002,1
DA:1004,1
DA:1005,1
DA:1006,1
DA:1007,1
DA:1008,1
DA:1009,1
DA:1010,1
DA:1012,1
DA:1014,1
DA:1015,1
DA:1016,1
DA:1017,1
DA:1019,1
DA:1020,1
DA:1022,1
DA:1023,1
DA:1024,1
DA:1027,1
BRF:0
BRH:0
LF:630
LH:576
end_of_record
SF:/Users/nick/Development/EttleX/EttleX-Project/Rust/crates/ettlex-core/src/approval_router.rs
FN:27,_RNvXNtCs4640luT8Huz_11ettlex_core15approval_routerNtB2_18NoopApprovalRouterNtB2_14ApprovalRouter22route_approval_request
FN:38,_RNvNtNtCsixIA6ROfhIR_11ettlex_core15approval_router5testss_45test_noop_approval_router_returns_unavailable
FN:27,_RNvXNtCsixIA6ROfhIR_11ettlex_core15approval_routerNtB2_18NoopApprovalRouterNtB2_14ApprovalRouter22route_approval_request
FNDA:1,_RNvXNtCs4640luT8Huz_11ettlex_core15approval_routerNtB2_18NoopApprovalRouterNtB2_14ApprovalRouter22route_approval_request
FNDA:1,_RNvNtNtCsixIA6ROfhIR_11ettlex_core15approval_router5testss_45test_noop_approval_router_returns_unavailable
FNDA:2,_RNvXNtCsixIA6ROfhIR_11ettlex_core15approval_routerNtB2_18NoopApprovalRouterNtB2_14ApprovalRouter22route_approval_request
FNF:2
FNH:2
DA:27,3
DA:28,3
DA:29,3
DA:30,3
DA:38,1
DA:40,1
DA:41,1
DA:42,1
DA:43,1
DA:44,1
DA:47,1
BRF:0
BRH:0
LF:11
LH:11
end_of_record
SF:/Users/nick/Development/EttleX/EttleX-Project/Rust/crates/ettlex-core/src/candidate_resolver.rs
FN:22,_RNvMNtCs4640luT8Huz_11ettlex_core18candidate_resolverNtB2_15AmbiguityPolicy5parse
FN:59,_RNvNtCs4640luT8Huz_11ettlex_core18candidate_resolver18resolve_candidates
FN:116,_RNvNtCs4640luT8Huz_11ettlex_core18candidate_resolver26compute_dry_run_resolution
FN:76,_RNCNvNtCs4640luT8Huz_11ettlex_core18candidate_resolver18resolve_candidates0B5_
FN:82,_RNCNvNtCs4640luT8Huz_11ettlex_core18candidate_resolver18resolve_candidatess_0B5_
FN:133,_RNCNvNtCs4640luT8Huz_11ettlex_core18candidate_resolver26compute_dry_run_resolution0B5_
FN:59,_RNvNtCsixIA6ROfhIR_11ettlex_core18candidate_resolver18resolve_candidates
FN:76,_RNCNvNtCsixIA6ROfhIR_11ettlex_core18candidate_resolver18resolve_candidates0B5_
FN:82,_RNCNvNtCsixIA6ROfhIR_11ettlex_core18candidate_resolver18resolve_candidatess_0B5_
FN:162,_RNCNvNtNtCsixIA6ROfhIR_11ettlex_core18candidate_resolver5tests5cands0B7_
FN:133,_RNCNvNtCsixIA6ROfhIR_11ettlex_core18candidate_resolver26compute_dry_run_resolution0B5_
FN:22,_RNvMNtCsixIA6ROfhIR_11ettlex_core18candidate_resolverNtB2_15AmbiguityPolicy5parse
FN:116,_RNvNtCsixIA6ROfhIR_11ettlex_core18candidate_resolver26compute_dry_run_resolution
FN:158,_RNvNtNtCsixIA6ROfhIR_11ettlex_core18candidate_resolver5tests5cands
FN:169,_RNvNtNtCsixIA6ROfhIR_11ettlex_core18candidate_resolver5testss_32test_resolve_empty_returns_empty
FN:175,_RNvNtNtCsixIA6ROfhIR_11ettlex_core18candidate_resolver5testss_36test_resolve_single_returns_selected
FN:186,_RNvNtNtCsixIA6ROfhIR_11ettlex_core18candidate_resolver5testss_38test_resolve_multiple_fail_fast_errors
FN:208,_RNvNtNtCsixIA6ROfhIR_11ettlex_core18candidate_resolver5testss_56test_resolve_route_for_approval_noop_returns_unavailable
FN:197,_RNvNtNtCsixIA6ROfhIR_11ettlex_core18candidate_resolver5testss_58test_resolve_multiple_choose_deterministic_picks_first_lex
FNDA:23,_RNvMNtCs4640luT8Huz_11ettlex_core18candidate_resolverNtB2_15AmbiguityPolicy5parse
FNDA:64,_RNvNtCs4640luT8Huz_11ettlex_core18candidate_resolver18resolve_candidates
FNDA:14,_RNvNtCs4640luT8Huz_11ettlex_core18candidate_resolver26compute_dry_run_resolution
FNDA:2,_RNCNvNtCs4640luT8Huz_11ettlex_core18candidate_resolver18resolve_candidates0B5_
FNDA:10,_RNCNvNtCs4640luT8Huz_11ettlex_core18candidate_resolver18resolve_candidatess_0B5_
FNDA:8,_RNCNvNtCs4640luT8Huz_11ettlex_core18candidate_resolver26compute_dry_run_resolution0B5_
FNDA:5,_RNvNtCsixIA6ROfhIR_11ettlex_core18candidate_resolver18resolve_candidates
FNDA:2,_RNCNvNtCsixIA6ROfhIR_11ettlex_core18candidate_resolver18resolve_candidates0B5_
FNDA:2,_RNCNvNtCsixIA6ROfhIR_11ettlex_core18candidate_resolver18resolve_candidatess_0B5_
FNDA:7,_RNCNvNtNtCsixIA6ROfhIR_11ettlex_core18candidate_resolver5tests5cands0B7_
FNDA:0,_RNCNvNtCsixIA6ROfhIR_11ettlex_core18candidate_resolver26compute_dry_run_resolution0B5_
FNDA:0,_RNvMNtCsixIA6ROfhIR_11ettlex_core18candidate_resolverNtB2_15AmbiguityPolicy5parse
FNDA:0,_RNvNtCsixIA6ROfhIR_11ettlex_core18candidate_resolver26compute_dry_run_resolution
FNDA:4,_RNvNtNtCsixIA6ROfhIR_11ettlex_core18candidate_resolver5tests5cands
FNDA:1,_RNvNtNtCsixIA6ROfhIR_11ettlex_core18candidate_resolver5testss_32test_resolve_empty_returns_empty
FNDA:1,_RNvNtNtCsixIA6ROfhIR_11ettlex_core18candidate_resolver5testss_36test_resolve_single_returns_selected
FNDA:1,_RNvNtNtCsixIA6ROfhIR_11ettlex_core18candidate_resolver5testss_38test_resolve_multiple_fail_fast_errors
FNDA:1,_RNvNtNtCsixIA6ROfhIR_11ettlex_core18candidate_resolver5testss_56test_resolve_route_for_approval_noop_returns_unavailable
FNDA:1,_RNvNtNtCsixIA6ROfhIR_11ettlex_core18candidate_resolver5testss_58test_resolve_multiple_choose_deterministic_picks_first_lex
FNF:13
FNH:13
DA:22,23
DA:23,23
DA:24,23
DA:25,22
DA:26,14
DA:28,23
DA:59,69
DA:60,69
DA:61,69
DA:62,69
DA:63,69
DA:64,69
DA:65,56
DA:66,3
DA:67,10
DA:68,2
DA:69,2
DA:70,2
DA:71,2
DA:72,2
DA:75,2
DA:76,4
DA:77,2
DA:78,2
DA:81,6
DA:82,12
DA:83,6
DA:84,4
DA:88,69
DA:116,14
DA:117,14
DA:118,14
DA:119,14
DA:120,14
DA:121,6
DA:122,6
DA:123,6
DA:124,6
DA:125,6
DA:126,4
DA:127,4
DA:128,4
DA:129,4
DA:130,4
DA:132,4
DA:133,8
DA:134,4
DA:135,4
DA:136,0
DA:137,0
DA:138,0
DA:139,0
DA:140,0
DA:142,4
DA:143,4
DA:144,4
DA:145,4
DA:146,4
DA:151,14
DA:158,4
DA:159,4
DA:160,4
DA:161,4
DA:162,7
DA:163,7
DA:164,7
DA:165,4
DA:166,4
DA:169,1
DA:170,1
DA:171,1
DA:172,1
DA:175,1
DA:176,1
DA:177,1
DA:178,1
DA:179,1
DA:181,1
DA:182,1
DA:183,1
DA:186,1
DA:187,1
DA:188,1
DA:189,1
DA:190,1
DA:192,1
DA:193,1
DA:194,1
DA:197,1
DA:198,1
DA:199,1
DA:200,1
DA:201,1
DA:203,1
DA:204,1
DA:205,1
DA:208,1
DA:209,1
DA:210,1
DA:211,1
DA:212,1
DA:214,1
DA:215,1
DA:216,1
DA:219,1
BRF:0
BRH:0
LF:108
LH:103
end_of_record
SF:/Users/nick/Development/EttleX/EttleX-Project/Rust/crates/ettlex-core/src/commands.rs
FN:193,_RNvNtNtCsixIA6ROfhIR_11ettlex_core8commands5testss_18test_command_clone
FN:179,_RNvNtNtCsixIA6ROfhIR_11ettlex_core8commands5testss_22test_command_ep_delete
FN:161,_RNvNtNtCsixIA6ROfhIR_11ettlex_core8commands5testss_25test_command_ettle_create
FNDA:1,_RNvNtNtCsixIA6ROfhIR_11ettlex_core8commands5testss_18test_command_clone
FNDA:1,_RNvNtNtCsixIA6ROfhIR_11ettlex_core8commands5testss_22test_command_ep_delete
FNDA:1,_RNvNtNtCsixIA6ROfhIR_11ettlex_core8commands5testss_25test_command_ettle_create
FNF:3
FNH:3
DA:161,1
DA:162,1
DA:163,1
DA:164,1
DA:165,1
DA:166,1
DA:167,1
DA:168,1
DA:170,1
DA:171,1
DA:172,1
DA:174,0
DA:176,1
DA:179,1
DA:180,1
DA:181,1
DA:182,1
DA:184,1
DA:185,1
DA:186,1
DA:188,0
DA:190,1
DA:193,1
DA:194,1
DA:195,1
DA:196,1
DA:197,1
DA:198,1
DA:200,1
DA:201,1
DA:202,1
BRF:0
BRH:0
LF:31
LH:29
end_of_record
SF:/Users/nick/Development/EttleX/EttleX-Project/Rust/crates/ettlex-core/src/constraint_engine/mod.rs
FN:149,_RNCNvNtCs4640luT8Huz_11ettlex_core17constraint_engine8evaluates1_0B5_
FN:150,_RNCNvNtCs4640luT8Huz_11ettlex_core17constraint_engine8evaluates2_0B5_
FN:172,_RNCNvNtCs4640luT8Huz_11ettlex_core17constraint_engine8evaluates3_0B5_
FN:176,_RNCNvNtCs4640luT8Huz_11ettlex_core17constraint_engine8evaluates4_0B5_
FN:184,_RNCNvNtCs4640luT8Huz_11ettlex_core17constraint_engine8evaluates5_0B5_
FN:134,_RNCNvNtCs4640luT8Huz_11ettlex_core17constraint_engine8evaluates_0B5_
FN:98,_RNvNtCs4640luT8Huz_11ettlex_core17constraint_engine8evaluate
FN:149,_RNCNvNtCsixIA6ROfhIR_11ettlex_core17constraint_engine8evaluates1_0B5_
FN:150,_RNCNvNtCsixIA6ROfhIR_11ettlex_core17constraint_engine8evaluates2_0B5_
FN:172,_RNCNvNtCsixIA6ROfhIR_11ettlex_core17constraint_engine8evaluates3_0B5_
FN:176,_RNCNvNtCsixIA6ROfhIR_11ettlex_core17constraint_engine8evaluates4_0B5_
FN:184,_RNCNvNtCsixIA6ROfhIR_11ettlex_core17constraint_engine8evaluates5_0B5_
FN:134,_RNCNvNtCsixIA6ROfhIR_11ettlex_core17constraint_engine8evaluates_0B5_
FN:98,_RNvNtCsixIA6ROfhIR_11ettlex_core17constraint_engine8evaluate
FNDA:1051,_RNCNvNtCs4640luT8Huz_11ettlex_core17constraint_engine8evaluates1_0B5_
FNDA:0,_RNCNvNtCs4640luT8Huz_11ettlex_core17constraint_engine8evaluates2_0B5_
FNDA:1051,_RNCNvNtCs4640luT8Huz_11ettlex_core17constraint_engine8evaluates3_0B5_
FNDA:49,_RNCNvNtCs4640luT8Huz_11ettlex_core17constraint_engine8evaluates4_0B5_
FNDA:0,_RNCNvNtCs4640luT8Huz_11ettlex_core17constraint_engine8evaluates5_0B5_
FNDA:1024,_RNCNvNtCs4640luT8Huz_11ettlex_core17constraint_engine8evaluates_0B5_
FNDA:114,_RNvNtCs4640luT8Huz_11ettlex_core17constraint_engine8evaluate
FNDA:0,_RNCNvNtCsixIA6ROfhIR_11ettlex_core17constraint_engine8evaluates1_0B5_
FNDA:0,_RNCNvNtCsixIA6ROfhIR_11ettlex_core17constraint_engine8evaluates2_0B5_
FNDA:0,_RNCNvNtCsixIA6ROfhIR_11ettlex_core17constraint_engine8evaluates3_0B5_
FNDA:0,_RNCNvNtCsixIA6ROfhIR_11ettlex_core17constraint_engine8evaluates4_0B5_
FNDA:0,_RNCNvNtCsixIA6ROfhIR_11ettlex_core17constraint_engine8evaluates5_0B5_
FNDA:0,_RNCNvNtCsixIA6ROfhIR_11ettlex_core17constraint_engine8evaluates_0B5_
FNDA:0,_RNvNtCsixIA6ROfhIR_11ettlex_core17constraint_engine8evaluate
FNF:7
FNH:5
DA:98,114
DA:103,114
DA:105,114
DA:107,129
DA:108,129
DA:110,129
DA:112,1052
DA:113,1052
DA:114,1
DA:115,1051
DA:118,1051
DA:119,1051
DA:120,1051
DA:121,1051
DA:122,1051
DA:123,1051
DA:124,1051
DA:125,1051
DA:126,1051
DA:127,1051
DA:128,1051
DA:129,1051
DA:134,1024
DA:136,114
DA:137,114
DA:140,114
DA:141,1051
DA:142,1051
DA:143,1051
DA:146,114
DA:147,114
DA:149,1051
DA:150,49
DA:151,0
DA:152,0
DA:153,0
DA:154,49
DA:155,49
DA:156,49
DA:158,49
DA:159,49
DA:160,49
DA:161,49
DA:162,49
DA:163,49
DA:164,49
DA:169,114
DA:170,114
DA:171,114
DA:172,1051
DA:173,114
DA:174,114
DA:175,114
DA:176,114
DA:177,114
DA:178,114
DA:179,114
DA:180,114
DA:184,114
DA:185,0
DA:189,0
DA:190,114
DA:191,114
DA:192,114
DA:194,114
DA:195,114
DA:196,114
DA:197,114
DA:198,114
DA:199,114
BRF:0
BRH:0
LF:78
LH:69
end_of_record
SF:/Users/nick/Development/EttleX/EttleX-Project/Rust/crates/ettlex-core/src/diff/engine.rs
FN:356,_RNCNCNvNtNtCs4640luT8Huz_11ettlex_core4diff6engine12compute_diffs4_00B9_
FN:357,_RNCNCNvNtNtCs4640luT8Huz_11ettlex_core4diff6engine12compute_diffs4_0s_0B9_
FN:321,_RNCNvNtNtCs4640luT8Huz_11ettlex_core4diff6engine12compute_diff0B7_
FN:326,_RNCNvNtNtCs4640luT8Huz_11ettlex_core4diff6engine12compute_diffs0_0B7_
FN:327,_RNCNvNtNtCs4640luT8Huz_11ettlex_core4diff6engine12compute_diffs1_0B7_
FN:343,_RNCNvNtNtCs4640luT8Huz_11ettlex_core4diff6engine12compute_diffs2_0B7_
FN:348,_RNCNvNtNtCs4640luT8Huz_11ettlex_core4diff6engine12compute_diffs3_0B7_
FN:353,_RNCNvNtNtCs4640luT8Huz_11ettlex_core4diff6engine12compute_diffs4_0B7_
FN:374,_RNCNvNtNtCs4640luT8Huz_11ettlex_core4diff6engine12compute_diffs5_0B7_
FN:375,_RNCNvNtNtCs4640luT8Huz_11ettlex_core4diff6engine12compute_diffs6_0B7_
FN:504,_RNCNvNtNtCs4640luT8Huz_11ettlex_core4diff6engine12compute_diffs7_0B7_
FN:505,_RNCNvNtNtCs4640luT8Huz_11ettlex_core4diff6engine12compute_diffs8_0B7_
FN:512,_RNCNvNtNtCs4640luT8Huz_11ettlex_core4diff6engine12compute_diffs9_0B7_
FN:322,_RNCNvNtNtCs4640luT8Huz_11ettlex_core4diff6engine12compute_diffs_0B7_
FN:513,_RNCNvNtNtCs4640luT8Huz_11ettlex_core4diff6engine12compute_diffsa_0B7_
FN:521,_RNCNvNtNtCs4640luT8Huz_11ettlex_core4diff6engine12compute_diffsb_0B7_
FN:525,_RNCNvNtNtCs4640luT8Huz_11ettlex_core4diff6engine12compute_diffsc_0B7_
FN:617,_RNCNvNtNtCs4640luT8Huz_11ettlex_core4diff6engine12compute_diffsd_0B7_
FN:622,_RNCNvNtNtCs4640luT8Huz_11ettlex_core4diff6engine12compute_diffse_0B7_
FN:50,_RNCNvNtNtCs4640luT8Huz_11ettlex_core4diff6engine20parse_manifest_bytes0B7_
FN:63,_RNCNvNtNtCs4640luT8Huz_11ettlex_core4diff6engine20parse_manifest_bytess0_0B7_
FN:98,_RNCNvNtNtCs4640luT8Huz_11ettlex_core4diff6engine20parse_manifest_bytess1_0B7_
FN:57,_RNCNvNtNtCs4640luT8Huz_11ettlex_core4diff6engine20parse_manifest_bytess_0B7_
FN:113,_RNCNvNtNtCs4640luT8Huz_11ettlex_core4diff6engine28recompute_constraints_digest0B7_
FN:117,_RNCNvNtNtCs4640luT8Huz_11ettlex_core4diff6engine28recompute_constraints_digests_0B7_
FN:151,_RNCNvNtNtCs4640luT8Huz_11ettlex_core4diff6engine9set_delta0B7_
FN:155,_RNCNvNtNtCs4640luT8Huz_11ettlex_core4diff6engine9set_deltas0_0B7_
FN:160,_RNCNvNtNtCs4640luT8Huz_11ettlex_core4diff6engine9set_deltas1_0B7_
FN:152,_RNCNvNtNtCs4640luT8Huz_11ettlex_core4diff6engine9set_deltas_0B7_
FN:198,_RNvNtNtCs4640luT8Huz_11ettlex_core4diff6engine12compute_diff
FN:167,_RNvNtNtCs4640luT8Huz_11ettlex_core4diff6engine12max_severity
FN:48,_RNvNtNtCs4640luT8Huz_11ettlex_core4diff6engine20parse_manifest_bytes
FN:176,_RNvNtNtCs4640luT8Huz_11ettlex_core4diff6engine21metadata_field_change
FN:131,_RNvNtNtCs4640luT8Huz_11ettlex_core4diff6engine25check_envelope_invariants
FN:111,_RNvNtNtCs4640luT8Huz_11ettlex_core4diff6engine28recompute_constraints_digest
FN:150,_RNvNtNtCs4640luT8Huz_11ettlex_core4diff6engine9set_delta
FN:198,_RNvNtNtCsixIA6ROfhIR_11ettlex_core4diff6engine12compute_diff
FN:167,_RNvNtNtCsixIA6ROfhIR_11ettlex_core4diff6engine12max_severity
FN:48,_RNvNtNtCsixIA6ROfhIR_11ettlex_core4diff6engine20parse_manifest_bytes
FN:176,_RNvNtNtCsixIA6ROfhIR_11ettlex_core4diff6engine21metadata_field_change
FN:131,_RNvNtNtCsixIA6ROfhIR_11ettlex_core4diff6engine25check_envelope_invariants
FN:111,_RNvNtNtCsixIA6ROfhIR_11ettlex_core4diff6engine28recompute_constraints_digest
FN:150,_RNvNtNtCsixIA6ROfhIR_11ettlex_core4diff6engine9set_delta
FN:356,_RNCNCNvNtNtCsixIA6ROfhIR_11ettlex_core4diff6engine12compute_diffs4_00B9_
FN:357,_RNCNCNvNtNtCsixIA6ROfhIR_11ettlex_core4diff6engine12compute_diffs4_0s_0B9_
FN:321,_RNCNvNtNtCsixIA6ROfhIR_11ettlex_core4diff6engine12compute_diff0B7_
FN:326,_RNCNvNtNtCsixIA6ROfhIR_11ettlex_core4diff6engine12compute_diffs0_0B7_
FN:327,_RNCNvNtNtCsixIA6ROfhIR_11ettlex_core4diff6engine12compute_diffs1_0B7_
FN:343,_RNCNvNtNtCsixIA6ROfhIR_11ettlex_core4diff6engine12compute_diffs2_0B7_
FN:348,_RNCNvNtNtCsixIA6ROfhIR_11ettlex_core4diff6engine12compute_diffs3_0B7_
FN:353,_RNCNvNtNtCsixIA6ROfhIR_11ettlex_core4diff6engine12compute_diffs4_0B7_
FN:374,_RNCNvNtNtCsixIA6ROfhIR_11ettlex_core4diff6engine12compute_diffs5_0B7_
FN:375,_RNCNvNtNtCsixIA6ROfhIR_11ettlex_core4diff6engine12compute_diffs6_0B7_
FN:504,_RNCNvNtNtCsixIA6ROfhIR_11ettlex_core4diff6engine12compute_diffs7_0B7_
FN:505,_RNCNvNtNtCsixIA6ROfhIR_11ettlex_core4diff6engine12compute_diffs8_0B7_
FN:512,_RNCNvNtNtCsixIA6ROfhIR_11ettlex_core4diff6engine12compute_diffs9_0B7_
FN:322,_RNCNvNtNtCsixIA6ROfhIR_11ettlex_core4diff6engine12compute_diffs_0B7_
FN:513,_RNCNvNtNtCsixIA6ROfhIR_11ettlex_core4diff6engine12compute_diffsa_0B7_
FN:521,_RNCNvNtNtCsixIA6ROfhIR_11ettlex_core4diff6engine12compute_diffsb_0B7_
FN:525,_RNCNvNtNtCsixIA6ROfhIR_11ettlex_core4diff6engine12compute_diffsc_0B7_
FN:617,_RNCNvNtNtCsixIA6ROfhIR_11ettlex_core4diff6engine12compute_diffsd_0B7_
FN:622,_RNCNvNtNtCsixIA6ROfhIR_11ettlex_core4diff6engine12compute_diffse_0B7_
FN:50,_RNCNvNtNtCsixIA6ROfhIR_11ettlex_core4diff6engine20parse_manifest_bytes0B7_
FN:63,_RNCNvNtNtCsixIA6ROfhIR_11ettlex_core4diff6engine20parse_manifest_bytess0_0B7_
FN:98,_RNCNvNtNtCsixIA6ROfhIR_11ettlex_core4diff6engine20parse_manifest_bytess1_0B7_
FN:57,_RNCNvNtNtCsixIA6ROfhIR_11ettlex_core4diff6engine20parse_manifest_bytess_0B7_
FN:113,_RNCNvNtNtCsixIA6ROfhIR_11ettlex_core4diff6engine28recompute_constraints_digest0B7_
FN:117,_RNCNvNtNtCsixIA6ROfhIR_11ettlex_core4diff6engine28recompute_constraints_digests_0B7_
FN:151,_RNCNvNtNtCsixIA6ROfhIR_11ettlex_core4diff6engine9set_delta0B7_
FN:155,_RNCNvNtNtCsixIA6ROfhIR_11ettlex_core4diff6engine9set_deltas0_0B7_
FN:160,_RNCNvNtNtCsixIA6ROfhIR_11ettlex_core4diff6engine9set_deltas1_0B7_
FN:152,_RNCNvNtNtCsixIA6ROfhIR_11ettlex_core4diff6engine9set_deltas_0B7_
FNDA:222,_RNCNCNvNtNtCs4640luT8Huz_11ettlex_core4diff6engine12compute_diffs4_00B9_
FNDA:202,_RNCNCNvNtNtCs4640luT8Huz_11ettlex_core4diff6engine12compute_diffs4_0s_0B9_
FNDA:222,_RNCNvNtNtCs4640luT8Huz_11ettlex_core4diff6engine12compute_diff0B7_
FNDA:222,_RNCNvNtNtCs4640luT8Huz_11ettlex_core4diff6engine12compute_diffs0_0B7_
FNDA:223,_RNCNvNtNtCs4640luT8Huz_11ettlex_core4diff6engine12compute_diffs1_0B7_
FNDA:222,_RNCNvNtNtCs4640luT8Huz_11ettlex_core4diff6engine12compute_diffs2_0B7_
FNDA:223,_RNCNvNtNtCs4640luT8Huz_11ettlex_core4diff6engine12compute_diffs3_0B7_
FNDA:222,_RNCNvNtNtCs4640luT8Huz_11ettlex_core4diff6engine12compute_diffs4_0B7_
FNDA:1,_RNCNvNtNtCs4640luT8Huz_11ettlex_core4diff6engine12compute_diffs5_0B7_
FNDA:4,_RNCNvNtNtCs4640luT8Huz_11ettlex_core4diff6engine12compute_diffs6_0B7_
FNDA:309,_RNCNvNtNtCs4640luT8Huz_11ettlex_core4diff6engine12compute_diffs7_0B7_
FNDA:309,_RNCNvNtNtCs4640luT8Huz_11ettlex_core4diff6engine12compute_diffs8_0B7_
FNDA:310,_RNCNvNtNtCs4640luT8Huz_11ettlex_core4diff6engine12compute_diffs9_0B7_
FNDA:223,_RNCNvNtNtCs4640luT8Huz_11ettlex_core4diff6engine12compute_diffs_0B7_
FNDA:310,_RNCNvNtNtCs4640luT8Huz_11ettlex_core4diff6engine12compute_diffsa_0B7_
FNDA:1,_RNCNvNtNtCs4640luT8Huz_11ettlex_core4diff6engine12compute_diffsb_0B7_
FNDA:0,_RNCNvNtNtCs4640luT8Huz_11ettlex_core4diff6engine12compute_diffsc_0B7_
FNDA:0,_RNCNvNtNtCs4640luT8Huz_11ettlex_core4diff6engine12compute_diffsd_0B7_
FNDA:0,_RNCNvNtNtCs4640luT8Huz_11ettlex_core4diff6engine12compute_diffse_0B7_
FNDA:0,_RNCNvNtNtCs4640luT8Huz_11ettlex_core4diff6engine20parse_manifest_bytes0B7_
FNDA:0,_RNCNvNtNtCs4640luT8Huz_11ettlex_core4diff6engine20parse_manifest_bytess0_0B7_
FNDA:0,_RNCNvNtNtCs4640luT8Huz_11ettlex_core4diff6engine20parse_manifest_bytess1_0B7_
FNDA:1,_RNCNvNtNtCs4640luT8Huz_11ettlex_core4diff6engine20parse_manifest_bytess_0B7_
FNDA:5,_RNCNvNtNtCs4640luT8Huz_11ettlex_core4diff6engine28recompute_constraints_digest0B7_
FNDA:5,_RNCNvNtNtCs4640luT8Huz_11ettlex_core4diff6engine28recompute_constraints_digests_0B7_
FNDA:227,_RNCNvNtNtCs4640luT8Huz_11ettlex_core4diff6engine9set_delta0B7_
FNDA:233,_RNCNvNtNtCs4640luT8Huz_11ettlex_core4diff6engine9set_deltas0_0B7_
FNDA:227,_RNCNvNtNtCs4640luT8Huz_11ettlex_core4diff6engine9set_deltas1_0B7_
FNDA:233,_RNCNvNtNtCs4640luT8Huz_11ettlex_core4diff6engine9set_deltas_0B7_
FNDA:33,_RNvNtNtCs4640luT8Huz_11ettlex_core4diff6engine12compute_diff
FNDA:22,_RNvNtNtCs4640luT8Huz_11ettlex_core4diff6engine12max_severity
FNDA:62,_RNvNtNtCs4640luT8Huz_11ettlex_core4diff6engine20parse_manifest_bytes
FNDA:88,_RNvNtNtCs4640luT8Huz_11ettlex_core4diff6engine21metadata_field_change
FNDA:44,_RNvNtNtCs4640luT8Huz_11ettlex_core4diff6engine25check_envelope_invariants
FNDA:44,_RNvNtNtCs4640luT8Huz_11ettlex_core4diff6engine28recompute_constraints_digest
FNDA:110,_RNvNtNtCs4640luT8Huz_11ettlex_core4diff6engine9set_delta
FNDA:13,_RNvNtNtCsixIA6ROfhIR_11ettlex_core4diff6engine12compute_diff
FNDA:11,_RNvNtNtCsixIA6ROfhIR_11ettlex_core4diff6engine12max_severity
FNDA:26,_RNvNtNtCsixIA6ROfhIR_11ettlex_core4diff6engine20parse_manifest_bytes
FNDA:44,_RNvNtNtCsixIA6ROfhIR_11ettlex_core4diff6engine21metadata_field_change
FNDA:22,_RNvNtNtCsixIA6ROfhIR_11ettlex_core4diff6engine25check_envelope_invariants
FNDA:22,_RNvNtNtCsixIA6ROfhIR_11ettlex_core4diff6engine28recompute_constraints_digest
FNDA:55,_RNvNtNtCsixIA6ROfhIR_11ettlex_core4diff6engine9set_delta
FNDA:12,_RNCNCNvNtNtCsixIA6ROfhIR_11ettlex_core4diff6engine12compute_diffs4_00B9_
FNDA:1,_RNCNCNvNtNtCsixIA6ROfhIR_11ettlex_core4diff6engine12compute_diffs4_0s_0B9_
FNDA:12,_RNCNvNtNtCsixIA6ROfhIR_11ettlex_core4diff6engine12compute_diff0B7_
FNDA:12,_RNCNvNtNtCsixIA6ROfhIR_11ettlex_core4diff6engine12compute_diffs0_0B7_
FNDA:13,_RNCNvNtNtCsixIA6ROfhIR_11ettlex_core4diff6engine12compute_diffs1_0B7_
FNDA:12,_RNCNvNtNtCsixIA6ROfhIR_11ettlex_core4diff6engine12compute_diffs2_0B7_
FNDA:13,_RNCNvNtNtCsixIA6ROfhIR_11ettlex_core4diff6engine12compute_diffs3_0B7_
FNDA:12,_RNCNvNtNtCsixIA6ROfhIR_11ettlex_core4diff6engine12compute_diffs4_0B7_
FNDA:1,_RNCNvNtNtCsixIA6ROfhIR_11ettlex_core4diff6engine12compute_diffs5_0B7_
FNDA:1,_RNCNvNtNtCsixIA6ROfhIR_11ettlex_core4diff6engine12compute_diffs6_0B7_
FNDA:156,_RNCNvNtNtCsixIA6ROfhIR_11ettlex_core4diff6engine12compute_diffs7_0B7_
FNDA:156,_RNCNvNtNtCsixIA6ROfhIR_11ettlex_core4diff6engine12compute_diffs8_0B7_
FNDA:155,_RNCNvNtNtCsixIA6ROfhIR_11ettlex_core4diff6engine12compute_diffs9_0B7_
FNDA:13,_RNCNvNtNtCsixIA6ROfhIR_11ettlex_core4diff6engine12compute_diffs_0B7_
FNDA:155,_RNCNvNtNtCsixIA6ROfhIR_11ettlex_core4diff6engine12compute_diffsa_0B7_
FNDA:0,_RNCNvNtNtCsixIA6ROfhIR_11ettlex_core4diff6engine12compute_diffsb_0B7_
FNDA:1,_RNCNvNtNtCsixIA6ROfhIR_11ettlex_core4diff6engine12compute_diffsc_0B7_
FNDA:0,_RNCNvNtNtCsixIA6ROfhIR_11ettlex_core4diff6engine12compute_diffsd_0B7_
FNDA:0,_RNCNvNtNtCsixIA6ROfhIR_11ettlex_core4diff6engine12compute_diffse_0B7_
FNDA:0,_RNCNvNtNtCsixIA6ROfhIR_11ettlex_core4diff6engine20parse_manifest_bytes0B7_
FNDA:0,_RNCNvNtNtCsixIA6ROfhIR_11ettlex_core4diff6engine20parse_manifest_bytess0_0B7_
FNDA:0,_RNCNvNtNtCsixIA6ROfhIR_11ettlex_core4diff6engine20parse_manifest_bytess1_0B7_
FNDA:0,_RNCNvNtNtCsixIA6ROfhIR_11ettlex_core4diff6engine20parse_manifest_bytess_0B7_
FNDA:2,_RNCNvNtNtCsixIA6ROfhIR_11ettlex_core4diff6engine28recompute_constraints_digest0B7_
FNDA:2,_RNCNvNtNtCsixIA6ROfhIR_11ettlex_core4diff6engine28recompute_constraints_digests_0B7_
FNDA:14,_RNCNvNtNtCsixIA6ROfhIR_11ettlex_core4diff6engine9set_delta0B7_
FNDA:15,_RNCNvNtNtCsixIA6ROfhIR_11ettlex_core4diff6engine9set_deltas0_0B7_
FNDA:14,_RNCNvNtNtCsixIA6ROfhIR_11ettlex_core4diff6engine9set_deltas1_0B7_
FNDA:15,_RNCNvNtNtCsixIA6ROfhIR_11ettlex_core4diff6engine9set_deltas_0B7_
FNF:36
FNH:31
DA:48,88
DA:50,88
DA:51,0
DA:52,0
DA:53,0
DA:54,0
DA:57,88
DA:58,1
DA:59,1
DA:60,1
DA:61,1
DA:63,87
DA:64,0
DA:65,0
DA:66,0
DA:67,0
DA:70,87
DA:71,87
DA:72,87
DA:73,1
DA:74,1
DA:75,1
DA:76,1
DA:77,1
DA:78,1
DA:79,86
DA:80,0
DA:84,86
DA:85,1
DA:86,1
DA:87,1
DA:88,85
DA:91,85
DA:92,1
DA:93,1
DA:94,1
DA:95,84
DA:98,84
DA:99,0
DA:100,0
DA:101,0
DA:102,0
DA:104,84
DA:105,88
DA:111,66
DA:112,66
DA:113,66
DA:114,66
DA:115,66
DA:116,66
DA:117,66
DA:118,66
DA:120,66
DA:121,66
DA:122,66
DA:124,66
DA:125,66
DA:126,66
DA:127,66
DA:128,66
DA:131,66
DA:132,66
DA:133,66
DA:134,66
DA:135,66
DA:136,66
DA:137,66
DA:138,66
DA:139,23
DA:140,23
DA:141,23
DA:142,23
DA:143,23
DA:144,43
DA:145,66
DA:150,165
DA:151,241
DA:152,248
DA:153,165
DA:154,165
DA:155,248
DA:156,165
DA:157,165
DA:158,165
DA:159,165
DA:160,241
DA:161,165
DA:162,165
DA:163,165
DA:164,165
DA:167,33
DA:168,33
DA:169,33
DA:170,33
DA:171,33
DA:172,33
DA:173,33
DA:176,132
DA:177,132
DA:178,5
DA:179,5
DA:180,5
DA:181,5
DA:183,127
DA:185,132
DA:198,46
DA:200,46
DA:201,42
DA:204,42
DA:205,42
DA:206,42
DA:207,42
DA:208,42
DA:209,42
DA:210,42
DA:211,42
DA:214,42
DA:215,5
DA:216,5
DA:217,5
DA:218,5
DA:219,5
DA:220,5
DA:221,5
DA:222,5
DA:223,5
DA:224,5
DA:225,5
DA:226,5
DA:227,5
DA:228,5
DA:229,5
DA:230,5
DA:231,5
DA:232,5
DA:233,5
DA:234,5
DA:235,5
DA:236,5
DA:237,5
DA:238,5
DA:239,5
DA:240,5
DA:241,5
DA:242,5
DA:243,5
DA:244,5
DA:245,5
DA:246,5
DA:247,5
DA:248,5
DA:249,5
DA:250,5
DA:251,5
DA:252,5
DA:253,5
DA:254,5
DA:255,5
DA:256,5
DA:257,5
DA:258,5
DA:259,5
DA:260,5
DA:261,5
DA:262,37
DA:265,37
DA:266,4
DA:267,4
DA:268,4
DA:269,4
DA:270,4
DA:271,4
DA:272,4
DA:273,4
DA:274,4
DA:275,4
DA:276,4
DA:277,4
DA:278,4
DA:279,4
DA:280,4
DA:281,4
DA:282,4
DA:283,4
DA:284,4
DA:285,4
DA:286,4
DA:287,4
DA:288,4
DA:289,4
DA:290,4
DA:291,4
DA:292,4
DA:293,4
DA:294,4
DA:295,4
DA:296,4
DA:297,4
DA:298,4
DA:299,4
DA:300,4
DA:301,4
DA:302,4
DA:303,4
DA:304,4
DA:305,4
DA:306,4
DA:307,4
DA:308,4
DA:309,4
DA:310,4
DA:311,4
DA:312,4
DA:313,33
DA:316,33
DA:317,33
DA:318,33
DA:321,234
DA:322,236
DA:323,33
DA:326,234
DA:327,236
DA:328,33
DA:329,33
DA:330,33
DA:332,33
DA:333,33
DA:334,33
DA:335,33
DA:336,33
DA:340,33
DA:341,33
DA:342,33
DA:343,234
DA:344,33
DA:345,33
DA:346,33
DA:347,33
DA:348,236
DA:349,33
DA:351,33
DA:352,33
DA:353,234
DA:354,234
DA:355,234
DA:356,234
DA:357,234
DA:358,234
DA:359,33
DA:360,33
DA:361,33
DA:364,33
DA:365,33
DA:367,33
DA:368,33
DA:369,33
DA:370,33
DA:371,33
DA:374,33
DA:375,33
DA:376,33
DA:378,33
DA:379,33
DA:380,6
DA:381,6
DA:382,6
DA:383,4
DA:384,4
DA:385,4
DA:386,4
DA:387,4
DA:388,4
DA:389,4
DA:390,4
DA:391,4
DA:392,4
DA:393,4
DA:394,4
DA:395,1
DA:396,1
DA:397,1
DA:398,1
DA:399,1
DA:400,1
DA:401,1
DA:402,1
DA:403,1
DA:404,1
DA:405,1
DA:406,1
DA:407,1
DA:408,1
DA:409,1
DA:410,1
DA:411,1
DA:412,1
DA:413,1
DA:414,1
DA:415,1
DA:416,1
DA:417,1
DA:418,1
DA:419,1
DA:421,0
DA:425,33
DA:426,33
DA:427,33
DA:428,33
DA:429,33
DA:430,33
DA:431,33
DA:432,33
DA:434,33
DA:435,8
DA:436,8
DA:437,8
DA:438,8
DA:440,25
DA:443,33
DA:444,33
DA:445,33
DA:446,33
DA:447,33
DA:448,33
DA:451,33
DA:452,33
DA:453,33
DA:454,33
DA:455,33
DA:456,33
DA:459,33
DA:460,33
DA:461,33
DA:462,33
DA:463,33
DA:466,33
DA:468,33
DA:469,33
DA:470,33
DA:471,33
DA:472,33
DA:473,33
DA:474,33
DA:475,33
DA:476,33
DA:477,33
DA:478,33
DA:479,33
DA:480,33
DA:481,33
DA:482,33
DA:483,33
DA:484,33
DA:485,33
DA:486,33
DA:487,33
DA:488,33
DA:489,33
DA:491,132
DA:492,132
DA:493,5
DA:494,127
DA:497,33
DA:500,33
DA:502,33
DA:503,33
DA:504,465
DA:505,465
DA:506,33
DA:508,0
DA:510,33
DA:511,33
DA:512,465
DA:513,465
DA:514,33
DA:516,0
DA:519,33
DA:520,33
DA:521,33
DA:522,33
DA:523,33
DA:524,33
DA:525,33
DA:526,33
DA:529,33
DA:530,33
DA:531,33
DA:532,33
DA:533,2
DA:534,1
DA:535,1
DA:537,0
DA:538,33
DA:540,33
DA:541,33
DA:542,33
DA:543,33
DA:544,33
DA:547,33
DA:549,33
DA:550,31
DA:551,31
DA:552,2
DA:553,2
DA:554,33
DA:555,2
DA:556,31
DA:557,33
DA:558,4
DA:559,29
DA:560,33
DA:561,29
DA:562,28
DA:563,27
DA:564,27
DA:565,27
DA:566,27
DA:567,26
DA:568,26
DA:569,26
DA:570,26
DA:571,26
DA:572,26
DA:573,26
DA:574,26
DA:575,26
DA:576,26
DA:577,26
DA:578,26
DA:579,26
DA:580,33
DA:581,9
DA:582,24
DA:583,33
DA:584,2
DA:585,31
DA:586,33
DA:587,2
DA:588,31
DA:589,33
DA:590,4
DA:591,29
DA:592,33
DA:593,32
DA:594,31
DA:595,3
DA:596,3
DA:597,30
DA:599,33
DA:601,33
DA:602,33
DA:603,33
DA:604,33
DA:605,33
DA:606,33
DA:607,33
DA:608,33
DA:609,33
DA:610,33
DA:611,33
DA:612,33
DA:613,33
DA:614,33
DA:617,33
DA:618,0
DA:619,0
DA:620,0
DA:621,0
DA:622,33
DA:623,0
DA:624,0
DA:625,0
DA:626,0
DA:627,33
DA:628,0
DA:629,0
DA:630,0
DA:631,33
DA:633,33
DA:634,46
BRF:0
BRH:0
LF:515
LH:464
end_of_record
SF:/Users/nick/Development/EttleX/EttleX-Project/Rust/crates/ettlex-core/src/diff/human_summary.rs
FN:9,_RNvNtNtCs4640luT8Huz_11ettlex_core4diff13human_summary20render_human_summary
FN:210,_RNvNtNtCs4640luT8Huz_11ettlex_core4diff13human_summary5short
FN:221,_RNvNtNtNtCsixIA6ROfhIR_11ettlex_core4diff13human_summary5tests4base
FN:250,_RNvNtNtNtCsixIA6ROfhIR_11ettlex_core4diff13human_summary5tests5bytes
FN:255,_RNvNtNtNtCsixIA6ROfhIR_11ettlex_core4diff13human_summary5testss_22test_summary_identical
FN:281,_RNvNtNtNtCsixIA6ROfhIR_11ettlex_core4diff13human_summary5testss_24test_summary_ept_changes
FN:482,_RNvNtNtNtCsixIA6ROfhIR_11ettlex_core4diff13human_summary5testss_27test_summary_family_removed
FN:354,_RNvNtNtNtCsixIA6ROfhIR_11ettlex_core4diff13human_summary5testss_29test_summary_coverage_changes
FN:392,_RNvNtNtNtCsixIA6ROfhIR_11ettlex_core4diff13human_summary5testss_29test_summary_metadata_changes
FN:452,_RNvNtNtNtCsixIA6ROfhIR_11ettlex_core4diff13human_summary5testss_29test_summary_ordering_changed
FN:373,_RNvNtNtNtCsixIA6ROfhIR_11ettlex_core4diff13human_summary5testss_30test_summary_exception_changes
FN:326,_RNvNtNtNtCsixIA6ROfhIR_11ettlex_core4diff13human_summary5testss_31test_summary_constraint_changes
FN:305,_RNvNtNtNtCsixIA6ROfhIR_11ettlex_core4diff13human_summary5testss_31test_summary_ep_content_changes
FN:264,_RNvNtNtNtCsixIA6ROfhIR_11ettlex_core4diff13human_summary5testss_31test_summary_no_semantic_change
FN:432,_RNvNtNtNtCsixIA6ROfhIR_11ettlex_core4diff13human_summary5testss_32test_summary_invariant_violation
FN:412,_RNvNtNtNtCsixIA6ROfhIR_11ettlex_core4diff13human_summary5testss_34test_summary_unknown_field_changes
FN:511,_RNvNtNtNtCsixIA6ROfhIR_11ettlex_core4diff13human_summary5testss_35test_summary_unknown_fields_removed
FN:9,_RNvNtNtCsixIA6ROfhIR_11ettlex_core4diff13human_summary20render_human_summary
FN:210,_RNvNtNtCsixIA6ROfhIR_11ettlex_core4diff13human_summary5short
FNDA:4,_RNvNtNtCs4640luT8Huz_11ettlex_core4diff13human_summary20render_human_summary
FNDA:24,_RNvNtNtCs4640luT8Huz_11ettlex_core4diff13human_summary5short
FNDA:25,_RNvNtNtNtCsixIA6ROfhIR_11ettlex_core4diff13human_summary5tests4base
FNDA:26,_RNvNtNtNtCsixIA6ROfhIR_11ettlex_core4diff13human_summary5tests5bytes
FNDA:1,_RNvNtNtNtCsixIA6ROfhIR_11ettlex_core4diff13human_summary5testss_22test_summary_identical
FNDA:1,_RNvNtNtNtCsixIA6ROfhIR_11ettlex_core4diff13human_summary5testss_24test_summary_ept_changes
FNDA:1,_RNvNtNtNtCsixIA6ROfhIR_11ettlex_core4diff13human_summary5testss_27test_summary_family_removed
FNDA:1,_RNvNtNtNtCsixIA6ROfhIR_11ettlex_core4diff13human_summary5testss_29test_summary_coverage_changes
FNDA:1,_RNvNtNtNtCsixIA6ROfhIR_11ettlex_core4diff13human_summary5testss_29test_summary_metadata_changes
FNDA:1,_RNvNtNtNtCsixIA6ROfhIR_11ettlex_core4diff13human_summary5testss_29test_summary_ordering_changed
FNDA:1,_RNvNtNtNtCsixIA6ROfhIR_11ettlex_core4diff13human_summary5testss_30test_summary_exception_changes
FNDA:1,_RNvNtNtNtCsixIA6ROfhIR_11ettlex_core4diff13human_summary5testss_31test_summary_constraint_changes
FNDA:1,_RNvNtNtNtCsixIA6ROfhIR_11ettlex_core4diff13human_summary5testss_31test_summary_ep_content_changes
FNDA:1,_RNvNtNtNtCsixIA6ROfhIR_11ettlex_core4diff13human_summary5testss_31test_summary_no_semantic_change
FNDA:1,_RNvNtNtNtCsixIA6ROfhIR_11ettlex_core4diff13human_summary5testss_32test_summary_invariant_violation
FNDA:1,_RNvNtNtNtCsixIA6ROfhIR_11ettlex_core4diff13human_summary5testss_34test_summary_unknown_field_changes
FNDA:1,_RNvNtNtNtCsixIA6ROfhIR_11ettlex_core4diff13human_summary5testss_35test_summary_unknown_fields_removed
FNDA:13,_RNvNtNtCsixIA6ROfhIR_11ettlex_core4diff13human_summary20render_human_summary
FNDA:122,_RNvNtNtCsixIA6ROfhIR_11ettlex_core4diff13human_summary5short
FNF:17
FNH:17
DA:9,17
DA:10,17
DA:13,17
DA:16,17
DA:17,3
DA:18,2
DA:19,12
DA:21,17
DA:22,5
DA:23,5
DA:24,6
DA:25,1
DA:27,17
DA:28,17
DA:29,17
DA:32,17
DA:33,17
DA:34,17
DA:35,17
DA:36,17
DA:37,17
DA:38,17
DA:39,17
DA:40,17
DA:41,17
DA:42,17
DA:43,17
DA:44,17
DA:46,12
DA:47,17
DA:50,5
DA:51,5
DA:52,12
DA:55,12
DA:56,2
DA:57,2
DA:58,1
DA:59,1
DA:60,1
DA:61,1
DA:62,1
DA:63,1
DA:64,2
DA:65,0
DA:66,0
DA:67,0
DA:68,0
DA:69,0
DA:70,2
DA:71,2
DA:72,1
DA:73,1
DA:74,2
DA:75,10
DA:78,12
DA:79,2
DA:80,2
DA:81,2
DA:82,2
DA:83,2
DA:84,10
DA:87,12
DA:88,12
DA:89,11
DA:90,10
DA:91,10
DA:92,12
DA:93,3
DA:94,3
DA:95,1
DA:96,1
DA:97,1
DA:98,1
DA:99,2
DA:100,3
DA:101,1
DA:102,1
DA:103,1
DA:104,1
DA:105,2
DA:106,3
DA:107,2
DA:108,1
DA:109,1
DA:110,1
DA:111,1
DA:112,0
DA:113,0
DA:114,0
DA:115,0
DA:116,0
DA:118,3
DA:119,9
DA:122,12
DA:123,1
DA:124,1
DA:125,11
DA:128,12
DA:129,1
DA:130,1
DA:131,1
DA:132,1
DA:133,1
DA:134,1
DA:135,1
DA:136,1
DA:137,1
DA:138,1
DA:139,1
DA:140,1
DA:141,1
DA:142,1
DA:143,11
DA:146,12
DA:147,1
DA:148,1
DA:149,1
DA:150,1
DA:151,1
DA:152,1
DA:153,1
DA:154,1
DA:155,11
DA:158,12
DA:159,12
DA:160,11
DA:162,2
DA:163,2
DA:164,0
DA:165,0
DA:166,0
DA:167,0
DA:168,2
DA:169,2
DA:170,1
DA:171,1
DA:172,1
DA:173,1
DA:174,1
DA:175,2
DA:176,1
DA:177,1
DA:178,1
DA:179,1
DA:180,1
DA:181,2
DA:182,10
DA:185,12
DA:186,11
DA:187,22
DA:188,22
DA:190,22
DA:191,22
DA:192,22
DA:193,22
DA:194,22
DA:195,22
DA:196,22
DA:197,22
DA:198,22
DA:199,22
DA:200,22
DA:203,11
DA:204,1
DA:206,12
DA:207,17
DA:210,146
DA:211,146
DA:212,146
DA:213,146
DA:221,25
DA:222,25
DA:223,25
DA:224,25
DA:225,25
DA:226,25
DA:227,25
DA:228,25
DA:229,25
DA:231,25
DA:232,25
DA:233,25
DA:234,25
DA:235,25
DA:236,25
DA:237,25
DA:239,25
DA:240,25
DA:241,25
DA:242,25
DA:243,25
DA:244,25
DA:245,25
DA:246,25
DA:248,25
DA:250,26
DA:251,26
DA:252,26
DA:255,1
DA:256,1
DA:257,1
DA:258,1
DA:259,1
DA:260,1
DA:261,1
DA:264,1
DA:265,1
DA:266,1
DA:267,1
DA:268,1
DA:269,1
DA:270,1
DA:271,1
DA:272,1
DA:273,1
DA:274,1
DA:275,1
DA:276,1
DA:277,1
DA:278,1
DA:281,1
DA:282,1
DA:283,1
DA:284,1
DA:285,1
DA:286,1
DA:287,1
DA:288,1
DA:289,1
DA:290,1
DA:291,1
DA:292,1
DA:293,1
DA:294,1
DA:295,1
DA:296,1
DA:298,1
DA:299,1
DA:300,1
DA:301,1
DA:302,1
DA:305,1
DA:306,1
DA:307,1
DA:308,1
DA:309,1
DA:310,1
DA:311,1
DA:312,1
DA:313,1
DA:314,1
DA:315,1
DA:316,1
DA:317,1
DA:318,1
DA:320,1
DA:321,1
DA:322,1
DA:323,1
DA:326,1
DA:327,1
DA:328,1
DA:329,1
DA:330,1
DA:331,1
DA:332,1
DA:333,1
DA:334,1
DA:335,1
DA:336,1
DA:337,1
DA:338,1
DA:339,1
DA:340,1
DA:341,1
DA:343,1
DA:344,1
DA:345,1
DA:346,1
DA:348,1
DA:349,1
DA:350,1
DA:351,1
DA:354,1
DA:355,1
DA:356,1
DA:357,1
DA:358,1
DA:359,1
DA:360,1
DA:361,1
DA:362,1
DA:363,1
DA:364,1
DA:365,1
DA:366,1
DA:367,1
DA:368,1
DA:369,1
DA:370,1
DA:373,1
DA:374,1
DA:375,1
DA:376,1
DA:377,1
DA:378,1
DA:379,1
DA:380,1
DA:381,1
DA:382,1
DA:383,1
DA:384,1
DA:385,1
DA:386,1
DA:387,1
DA:388,1
DA:389,1
DA:392,1
DA:393,1
DA:394,1
DA:395,1
DA:396,1
DA:397,1
DA:398,1
DA:399,1
DA:400,1
DA:401,1
DA:402,1
DA:403,1
DA:404,1
DA:405,1
DA:406,1
DA:407,1
DA:408,1
DA:409,1
DA:412,1
DA:413,1
DA:414,1
DA:415,1
DA:416,1
DA:417,1
DA:418,1
DA:419,1
DA:420,1
DA:421,1
DA:422,1
DA:423,1
DA:424,1
DA:425,1
DA:426,1
DA:427,1
DA:428,1
DA:429,1
DA:432,1
DA:433,1
DA:434,1
DA:435,1
DA:436,1
DA:437,1
DA:438,1
DA:439,1
DA:440,1
DA:441,1
DA:442,1
DA:443,1
DA:444,1
DA:445,1
DA:446,1
DA:447,1
DA:448,1
DA:449,1
DA:452,1
DA:453,1
DA:454,1
DA:455,1
DA:456,1
DA:457,1
DA:458,1
DA:459,1
DA:460,1
DA:461,1
DA:462,1
DA:463,1
DA:464,1
DA:465,1
DA:466,1
DA:467,1
DA:469,1
DA:470,1
DA:471,1
DA:472,1
DA:473,1
DA:475,1
DA:476,1
DA:477,1
DA:478,1
DA:479,1
DA:482,1
DA:483,1
DA:484,1
DA:485,1
DA:486,1
DA:487,1
DA:488,1
DA:489,1
DA:490,1
DA:491,1
DA:492,1
DA:493,1
DA:494,1
DA:495,1
DA:496,1
DA:497,1
DA:499,1
DA:500,1
DA:501,1
DA:502,1
DA:504,1
DA:505,1
DA:506,1
DA:507,1
DA:508,1
DA:511,1
DA:512,1
DA:513,1
DA:514,1
DA:515,1
DA:516,1
DA:517,1
DA:518,1
DA:519,1
DA:520,1
DA:521,1
DA:522,1
DA:523,1
DA:524,1
DA:525,1
DA:526,1
DA:527,1
BRF:0
BRH:0
LF:439
LH:424
end_of_record
SF:/Users/nick/Development/EttleX/EttleX-Project/Rust/crates/ettlex-core/src/errors.rs
FN:238,_RINvMs_NtCs4640luT8Huz_11ettlex_core6errorsNtB5_7ExError10with_ep_idRNtNtCs5bkkNO3hTYU_5alloc6string6StringECs5ZhMRgWBkZV_13ettlex_engine
FN:232,_RINvMs_NtCs4640luT8Huz_11ettlex_core6errorsNtB5_7ExError14with_entity_idRNtNtCs5bkkNO3hTYU_5alloc6string6StringECs5ZhMRgWBkZV_13ettlex_engine
FN:226,_RINvMs_NtCs4640luT8Huz_11ettlex_core6errorsNtB5_7ExError7with_opNtNtCs5bkkNO3hTYU_5alloc6string6StringECs3PiHhja6dWM_12ettlex_store
FN:238,_RINvMs_NtCs4640luT8Huz_11ettlex_core6errorsNtB5_7ExError10with_ep_idNtNtCs5bkkNO3hTYU_5alloc6string6StringEB7_
FN:238,_RINvMs_NtCs4640luT8Huz_11ettlex_core6errorsNtB5_7ExError10with_ep_idReEB7_
FN:262,_RINvMs_NtCs4640luT8Huz_11ettlex_core6errorsNtB5_7ExError12with_messageNtNtCs5bkkNO3hTYU_5alloc6string6StringEB7_
FN:262,_RINvMs_NtCs4640luT8Huz_11ettlex_core6errorsNtB5_7ExError12with_messageReEB7_
FN:232,_RINvMs_NtCs4640luT8Huz_11ettlex_core6errorsNtB5_7ExError14with_entity_idNtNtCs5bkkNO3hTYU_5alloc6string6StringEB7_
FN:232,_RINvMs_NtCs4640luT8Huz_11ettlex_core6errorsNtB5_7ExError14with_entity_idReEB7_
FN:226,_RINvMs_NtCs4640luT8Huz_11ettlex_core6errorsNtB5_7ExError7with_opReEB7_
FN:123,_RNvMNtCs4640luT8Huz_11ettlex_core6errorsNtB2_11ExErrorKind4code
FN:330,_RNvMs_NtCs4640luT8Huz_11ettlex_core6errorsNtB4_7ExError10candidates
FN:310,_RNvMs_NtCs4640luT8Huz_11ettlex_core6errorsNtB4_7ExError10request_id
FN:268,_RNvMs_NtCs4640luT8Huz_11ettlex_core6errorsNtB4_7ExError11with_source
FN:325,_RNvMs_NtCs4640luT8Huz_11ettlex_core6errorsNtB4_7ExError12source_error
FN:244,_RNvMs_NtCs4640luT8Huz_11ettlex_core6errorsNtB4_7ExError12with_ordinal
FN:256,_RNvMs_NtCs4640luT8Huz_11ettlex_core6errorsNtB4_7ExError13with_trace_id
FN:274,_RNvMs_NtCs4640luT8Huz_11ettlex_core6errorsNtB4_7ExError15with_candidates
FN:250,_RNvMs_NtCs4640luT8Huz_11ettlex_core6errorsNtB4_7ExError15with_request_id
FN:290,_RNvMs_NtCs4640luT8Huz_11ettlex_core6errorsNtB4_7ExError2op
FN:210,_RNvMs_NtCs4640luT8Huz_11ettlex_core6errorsNtB4_7ExError3new
FN:285,_RNvMs_NtCs4640luT8Huz_11ettlex_core6errorsNtB4_7ExError4code
FN:280,_RNvMs_NtCs4640luT8Huz_11ettlex_core6errorsNtB4_7ExError4kind
FN:300,_RNvMs_NtCs4640luT8Huz_11ettlex_core6errorsNtB4_7ExError5ep_id
FN:320,_RNvMs_NtCs4640luT8Huz_11ettlex_core6errorsNtB4_7ExError7message
FN:305,_RNvMs_NtCs4640luT8Huz_11ettlex_core6errorsNtB4_7ExError7ordinal
FN:315,_RNvMs_NtCs4640luT8Huz_11ettlex_core6errorsNtB4_7ExError8trace_id
FN:295,_RNvMs_NtCs4640luT8Huz_11ettlex_core6errorsNtB4_7ExError9entity_id
FN:336,_RNvXs0_NtCs4640luT8Huz_11ettlex_core6errorsNtB5_7ExErrorNtNtCsezyhsC6CBT9_4core3fmt7Display3fmt
FN:358,_RNvXs1_NtCs4640luT8Huz_11ettlex_core6errorsNtB5_7ExErrorNtNtCsezyhsC6CBT9_4core5error5Error6source
FN:665,_RNvXs2_NtCs4640luT8Huz_11ettlex_core6errorsNtB5_7ExErrorINtNtCsezyhsC6CBT9_4core7convert4FromNtB5_11EttleXErrorE4from
FN:1053,_RNvXs3_NtCs4640luT8Huz_11ettlex_core6errorsNtB5_11EttleXErrorINtNtCsezyhsC6CBT9_4core7convert4FromNtNtCsfvPug1IPAsx_10serde_json5error5ErrorE4from
FN:1636,_RNvNtNtCsixIA6ROfhIR_11ettlex_core6errors5testss_23test_ex_error_accessors
FN:1200,_RNvNtNtCsixIA6ROfhIR_11ettlex_core6errors5testss_28test_bridge_deleted_variants
FN:1109,_RNvNtNtCsixIA6ROfhIR_11ettlex_core6errors5testss_28test_policy_error_kind_codes
FN:1549,_RNvNtNtCsixIA6ROfhIR_11ettlex_core6errors5testss_29test_bridge_decision_variants
FN:1521,_RNvNtNtCsixIA6ROfhIR_11ettlex_core6errors5testss_29test_bridge_internal_variants
FN:1452,_RNvNtNtCsixIA6ROfhIR_11ettlex_core6errors5testss_29test_bridge_mutation_variants
FN:1132,_RNvNtNtCsixIA6ROfhIR_11ettlex_core6errors5testss_30test_bridge_not_found_variants
FN:1410,_RNvNtNtCsixIA6ROfhIR_11ettlex_core6errors5testss_30test_bridge_traversal_variants
FN:1094,_RNvNtNtCsixIA6ROfhIR_11ettlex_core6errors5testss_30test_ex_error_candidates_field
FN:1243,_RNvNtNtCsixIA6ROfhIR_11ettlex_core6errors5testss_31test_bridge_constraint_variants
FN:1278,_RNvNtNtCsixIA6ROfhIR_11ettlex_core6errors5testss_31test_bridge_validation_variants
FN:1598,_RNvNtNtCsixIA6ROfhIR_11ettlex_core6errors5testss_32test_bridge_empty_update_variant
FN:1659,_RNvNtNtCsixIA6ROfhIR_11ettlex_core6errors5testss_32test_error_kind_codes_structural
FN:1608,_RNvNtNtCsixIA6ROfhIR_11ettlex_core6errors5testss_33test_bridge_from_serde_json_error
FN:1085,_RNvNtNtCsixIA6ROfhIR_11ettlex_core6errors5testss_34test_root_ettle_invalid_error_code
FN:1065,_RNvNtNtCsixIA6ROfhIR_11ettlex_core6errors5testss_35test_commit_policy_error_kind_codes
FN:1619,_RNvNtNtCsixIA6ROfhIR_11ettlex_core6errors5testss_37test_ex_error_display_with_all_fields
FN:1102,_RNvNtNtCsixIA6ROfhIR_11ettlex_core6errors5testss_40test_ex_error_candidates_none_by_default
FN:1330,_RNvNtNtCsixIA6ROfhIR_11ettlex_core6errors5testss_41test_bridge_constraint_violation_variants
FN:123,_RNvMNtCsixIA6ROfhIR_11ettlex_core6errorsNtB2_11ExErrorKind4code
FN:330,_RNvMs_NtCsixIA6ROfhIR_11ettlex_core6errorsNtB4_7ExError10candidates
FN:310,_RNvMs_NtCsixIA6ROfhIR_11ettlex_core6errorsNtB4_7ExError10request_id
FN:268,_RNvMs_NtCsixIA6ROfhIR_11ettlex_core6errorsNtB4_7ExError11with_source
FN:325,_RNvMs_NtCsixIA6ROfhIR_11ettlex_core6errorsNtB4_7ExError12source_error
FN:244,_RNvMs_NtCsixIA6ROfhIR_11ettlex_core6errorsNtB4_7ExError12with_ordinal
FN:256,_RNvMs_NtCsixIA6ROfhIR_11ettlex_core6errorsNtB4_7ExError13with_trace_id
FN:274,_RNvMs_NtCsixIA6ROfhIR_11ettlex_core6errorsNtB4_7ExError15with_candidates
FN:250,_RNvMs_NtCsixIA6ROfhIR_11ettlex_core6errorsNtB4_7ExError15with_request_id
FN:290,_RNvMs_NtCsixIA6ROfhIR_11ettlex_core6errorsNtB4_7ExError2op
FN:210,_RNvMs_NtCsixIA6ROfhIR_11ettlex_core6errorsNtB4_7ExError3new
FN:285,_RNvMs_NtCsixIA6ROfhIR_11ettlex_core6errorsNtB4_7ExError4code
FN:280,_RNvMs_NtCsixIA6ROfhIR_11ettlex_core6errorsNtB4_7ExError4kind
FN:300,_RNvMs_NtCsixIA6ROfhIR_11ettlex_core6errorsNtB4_7ExError5ep_id
FN:320,_RNvMs_NtCsixIA6ROfhIR_11ettlex_core6errorsNtB4_7ExError7message
FN:305,_RNvMs_NtCsixIA6ROfhIR_11ettlex_core6errorsNtB4_7ExError7ordinal
FN:315,_RNvMs_NtCsixIA6ROfhIR_11ettlex_core6errorsNtB4_7ExError8trace_id
FN:295,_RNvMs_NtCsixIA6ROfhIR_11ettlex_core6errorsNtB4_7ExError9entity_id
FN:336,_RNvXs0_NtCsixIA6ROfhIR_11ettlex_core6errorsNtB5_7ExErrorNtNtCsezyhsC6CBT9_4core3fmt7Display3fmt
FN:358,_RNvXs1_NtCsixIA6ROfhIR_11ettlex_core6errorsNtB5_7ExErrorNtNtCsezyhsC6CBT9_4core5error5Error6source
FN:665,_RNvXs2_NtCsixIA6ROfhIR_11ettlex_core6errorsNtB5_7ExErrorINtNtCsezyhsC6CBT9_4core7convert4FromNtB5_11EttleXErrorE4from
FN:1053,_RNvXs3_NtCsixIA6ROfhIR_11ettlex_core6errorsNtB5_11EttleXErrorINtNtCsezyhsC6CBT9_4core7convert4FromNtNtCsfvPug1IPAsx_10serde_json5error5ErrorE4from
FN:238,_RINvMs_NtCsixIA6ROfhIR_11ettlex_core6errorsNtB5_7ExError10with_ep_idNtNtCs5bkkNO3hTYU_5alloc6string6StringEB7_
FN:238,_RINvMs_NtCsixIA6ROfhIR_11ettlex_core6errorsNtB5_7ExError10with_ep_idReEB7_
FN:262,_RINvMs_NtCsixIA6ROfhIR_11ettlex_core6errorsNtB5_7ExError12with_messageNtNtCs5bkkNO3hTYU_5alloc6string6StringEB7_
FN:262,_RINvMs_NtCsixIA6ROfhIR_11ettlex_core6errorsNtB5_7ExError12with_messageReEB7_
FN:232,_RINvMs_NtCsixIA6ROfhIR_11ettlex_core6errorsNtB5_7ExError14with_entity_idNtNtCs5bkkNO3hTYU_5alloc6string6StringEB7_
FN:232,_RINvMs_NtCsixIA6ROfhIR_11ettlex_core6errorsNtB5_7ExError14with_entity_idReEB7_
FN:226,_RINvMs_NtCsixIA6ROfhIR_11ettlex_core6errorsNtB5_7ExError7with_opReEB7_
FN:226,_RINvMs_NtCs4640luT8Huz_11ettlex_core6errorsNtB5_7ExError7with_opNtNtCs5bkkNO3hTYU_5alloc6string6StringECsiIWUB9x025h_12ettlex_store
FNDA:4,_RINvMs_NtCs4640luT8Huz_11ettlex_core6errorsNtB5_7ExError10with_ep_idRNtNtCs5bkkNO3hTYU_5alloc6string6StringECs5ZhMRgWBkZV_13ettlex_engine
FNDA:7,_RINvMs_NtCs4640luT8Huz_11ettlex_core6errorsNtB5_7ExError14with_entity_idRNtNtCs5bkkNO3hTYU_5alloc6string6StringECs5ZhMRgWBkZV_13ettlex_engine
FNDA:1,_RINvMs_NtCs4640luT8Huz_11ettlex_core6errorsNtB5_7ExError7with_opNtNtCs5bkkNO3hTYU_5alloc6string6StringECs3PiHhja6dWM_12ettlex_store
FNDA:5,_RINvMs_NtCs4640luT8Huz_11ettlex_core6errorsNtB5_7ExError10with_ep_idNtNtCs5bkkNO3hTYU_5alloc6string6StringEB7_
FNDA:7,_RINvMs_NtCs4640luT8Huz_11ettlex_core6errorsNtB5_7ExError10with_ep_idReEB7_
FNDA:54,_RINvMs_NtCs4640luT8Huz_11ettlex_core6errorsNtB5_7ExError12with_messageNtNtCs5bkkNO3hTYU_5alloc6string6StringEB7_
FNDA:78,_RINvMs_NtCs4640luT8Huz_11ettlex_core6errorsNtB5_7ExError12with_messageReEB7_
FNDA:32,_RINvMs_NtCs4640luT8Huz_11ettlex_core6errorsNtB5_7ExError14with_entity_idNtNtCs5bkkNO3hTYU_5alloc6string6StringEB7_
FNDA:37,_RINvMs_NtCs4640luT8Huz_11ettlex_core6errorsNtB5_7ExError14with_entity_idReEB7_
FNDA:65,_RINvMs_NtCs4640luT8Huz_11ettlex_core6errorsNtB5_7ExError7with_opReEB7_
FNDA:121,_RNvMNtCs4640luT8Huz_11ettlex_core6errorsNtB2_11ExErrorKind4code
FNDA:1,_RNvMs_NtCs4640luT8Huz_11ettlex_core6errorsNtB4_7ExError10candidates
FNDA:1,_RNvMs_NtCs4640luT8Huz_11ettlex_core6errorsNtB4_7ExError10request_id
FNDA:0,_RNvMs_NtCs4640luT8Huz_11ettlex_core6errorsNtB4_7ExError11with_source
FNDA:0,_RNvMs_NtCs4640luT8Huz_11ettlex_core6errorsNtB4_7ExError12source_error
FNDA:2,_RNvMs_NtCs4640luT8Huz_11ettlex_core6errorsNtB4_7ExError12with_ordinal
FNDA:0,_RNvMs_NtCs4640luT8Huz_11ettlex_core6errorsNtB4_7ExError13with_trace_id
FNDA:2,_RNvMs_NtCs4640luT8Huz_11ettlex_core6errorsNtB4_7ExError15with_candidates
FNDA:1,_RNvMs_NtCs4640luT8Huz_11ettlex_core6errorsNtB4_7ExError15with_request_id
FNDA:1,_RNvMs_NtCs4640luT8Huz_11ettlex_core6errorsNtB4_7ExError2op
FNDA:132,_RNvMs_NtCs4640luT8Huz_11ettlex_core6errorsNtB4_7ExError3new
FNDA:48,_RNvMs_NtCs4640luT8Huz_11ettlex_core6errorsNtB4_7ExError4code
FNDA:114,_RNvMs_NtCs4640luT8Huz_11ettlex_core6errorsNtB4_7ExError4kind
FNDA:2,_RNvMs_NtCs4640luT8Huz_11ettlex_core6errorsNtB4_7ExError5ep_id
FNDA:4,_RNvMs_NtCs4640luT8Huz_11ettlex_core6errorsNtB4_7ExError7message
FNDA:1,_RNvMs_NtCs4640luT8Huz_11ettlex_core6errorsNtB4_7ExError7ordinal
FNDA:0,_RNvMs_NtCs4640luT8Huz_11ettlex_core6errorsNtB4_7ExError8trace_id
FNDA:6,_RNvMs_NtCs4640luT8Huz_11ettlex_core6errorsNtB4_7ExError9entity_id
FNDA:25,_RNvXs0_NtCs4640luT8Huz_11ettlex_core6errorsNtB5_7ExErrorNtNtCsezyhsC6CBT9_4core3fmt7Display3fmt
FNDA:0,_RNvXs1_NtCs4640luT8Huz_11ettlex_core6errorsNtB5_7ExErrorNtNtCsezyhsC6CBT9_4core5error5Error6source
FNDA:34,_RNvXs2_NtCs4640luT8Huz_11ettlex_core6errorsNtB5_7ExErrorINtNtCsezyhsC6CBT9_4core7convert4FromNtB5_11EttleXErrorE4from
FNDA:0,_RNvXs3_NtCs4640luT8Huz_11ettlex_core6errorsNtB5_11EttleXErrorINtNtCsezyhsC6CBT9_4core7convert4FromNtNtCsfvPug1IPAsx_10serde_json5error5ErrorE4from
FNDA:1,_RNvNtNtCsixIA6ROfhIR_11ettlex_core6errors5testss_23test_ex_error_accessors
FNDA:1,_RNvNtNtCsixIA6ROfhIR_11ettlex_core6errors5testss_28test_bridge_deleted_variants
FNDA:1,_RNvNtNtCsixIA6ROfhIR_11ettlex_core6errors5testss_28test_policy_error_kind_codes
FNDA:1,_RNvNtNtCsixIA6ROfhIR_11ettlex_core6errors5testss_29test_bridge_decision_variants
FNDA:1,_RNvNtNtCsixIA6ROfhIR_11ettlex_core6errors5testss_29test_bridge_internal_variants
FNDA:1,_RNvNtNtCsixIA6ROfhIR_11ettlex_core6errors5testss_29test_bridge_mutation_variants
FNDA:1,_RNvNtNtCsixIA6ROfhIR_11ettlex_core6errors5testss_30test_bridge_not_found_variants
FNDA:1,_RNvNtNtCsixIA6ROfhIR_11ettlex_core6errors5testss_30test_bridge_traversal_variants
FNDA:1,_RNvNtNtCsixIA6ROfhIR_11ettlex_core6errors5testss_30test_ex_error_candidates_field
FNDA:1,_RNvNtNtCsixIA6ROfhIR_11ettlex_core6errors5testss_31test_bridge_constraint_variants
FNDA:1,_RNvNtNtCsixIA6ROfhIR_11ettlex_core6errors5testss_31test_bridge_validation_variants
FNDA:1,_RNvNtNtCsixIA6ROfhIR_11ettlex_core6errors5testss_32test_bridge_empty_update_variant
FNDA:1,_RNvNtNtCsixIA6ROfhIR_11ettlex_core6errors5testss_32test_error_kind_codes_structural
FNDA:1,_RNvNtNtCsixIA6ROfhIR_11ettlex_core6errors5testss_33test_bridge_from_serde_json_error
FNDA:1,_RNvNtNtCsixIA6ROfhIR_11ettlex_core6errors5testss_34test_root_ettle_invalid_error_code
FNDA:1,_RNvNtNtCsixIA6ROfhIR_11ettlex_core6errors5testss_35test_commit_policy_error_kind_codes
FNDA:1,_RNvNtNtCsixIA6ROfhIR_11ettlex_core6errors5testss_37test_ex_error_display_with_all_fields
FNDA:1,_RNvNtNtCsixIA6ROfhIR_11ettlex_core6errors5testss_40test_ex_error_candidates_none_by_default
FNDA:1,_RNvNtNtCsixIA6ROfhIR_11ettlex_core6errors5testss_41test_bridge_constraint_violation_variants
FNDA:64,_RNvMNtCsixIA6ROfhIR_11ettlex_core6errorsNtB2_11ExErrorKind4code
FNDA:2,_RNvMs_NtCsixIA6ROfhIR_11ettlex_core6errorsNtB4_7ExError10candidates
FNDA:1,_RNvMs_NtCsixIA6ROfhIR_11ettlex_core6errorsNtB4_7ExError10request_id
FNDA:1,_RNvMs_NtCsixIA6ROfhIR_11ettlex_core6errorsNtB4_7ExError11with_source
FNDA:1,_RNvMs_NtCsixIA6ROfhIR_11ettlex_core6errorsNtB4_7ExError12source_error
FNDA:5,_RNvMs_NtCsixIA6ROfhIR_11ettlex_core6errorsNtB4_7ExError12with_ordinal
[...]
FNDA:27,_RNCNvNtNtCs3PiHhja6dWM_12ettlex_store4seed10provenance13emit_event_tx0B7_
FNDA:0,_RNCNvNtNtCs3PiHhja6dWM_12ettlex_store4seed10provenance13emit_event_txs_0B7_
FNDA:27,_RNvMNtNtCs3PiHhja6dWM_12ettlex_store4seed10provenanceNtB2_14ProvenanceKind6as_str
FNDA:0,_RNvNtNtCs3PiHhja6dWM_12ettlex_store4seed10provenance10emit_event
FNDA:11,_RNvNtNtCs3PiHhja6dWM_12ettlex_store4seed10provenance12emit_applied
FNDA:8,_RNvNtNtCs3PiHhja6dWM_12ettlex_store4seed10provenance12emit_started
FNDA:27,_RNvNtNtCs3PiHhja6dWM_12ettlex_store4seed10provenance13emit_event_tx
FNDA:8,_RNvNtNtCs3PiHhja6dWM_12ettlex_store4seed10provenance14emit_completed
FNDA:47,_RNvMNtNtCsiIWUB9x025h_12ettlex_store4seed10provenanceNtB2_14ProvenanceKind6as_str
FNDA:1,_RNvNtNtCsiIWUB9x025h_12ettlex_store4seed10provenance10emit_event
FNDA:18,_RNvNtNtCsiIWUB9x025h_12ettlex_store4seed10provenance12emit_applied
FNDA:14,_RNvNtNtCsiIWUB9x025h_12ettlex_store4seed10provenance12emit_started
FNDA:46,_RNvNtNtCsiIWUB9x025h_12ettlex_store4seed10provenance13emit_event_tx
FNDA:14,_RNvNtNtCsiIWUB9x025h_12ettlex_store4seed10provenance14emit_completed
FNDA:2,_RNvNtNtNtCsiIWUB9x025h_12ettlex_store4seed10provenance5tests13setup_test_db
FNDA:1,_RNvNtNtNtCsiIWUB9x025h_12ettlex_store4seed10provenance5testss_15test_emit_event
FNDA:1,_RNvNtNtNtCsiIWUB9x025h_12ettlex_store4seed10provenance5testss_35test_emit_started_applied_completed
FNDA:1,_RNCNvNtNtNtCsiIWUB9x025h_12ettlex_store4seed10provenance5testss_15test_emit_event0B9_
FNDA:1,_RNCNvNtNtNtCsiIWUB9x025h_12ettlex_store4seed10provenance5testss_35test_emit_started_applied_completed0B9_
FNDA:0,_RNCNCNvNtNtCsiIWUB9x025h_12ettlex_store4seed10provenance10emit_event00B9_
FNDA:0,_RNCNCNvNtNtCsiIWUB9x025h_12ettlex_store4seed10provenance13emit_event_tx00B9_
FNDA:0,_RNCNvNtNtCsiIWUB9x025h_12ettlex_store4seed10provenance10emit_event0B7_
FNDA:1,_RNCNvNtNtCsiIWUB9x025h_12ettlex_store4seed10provenance10emit_events_0B7_
FNDA:46,_RNCNvNtNtCsiIWUB9x025h_12ettlex_store4seed10provenance13emit_event_tx0B7_
FNDA:0,_RNCNvNtNtCsiIWUB9x025h_12ettlex_store4seed10provenance13emit_event_txs_0B7_
FNF:17
FNH:13
DA:22,74
DA:23,74
DA:24,23
DA:25,29
DA:26,22
DA:28,74
DA:32,1
DA:33,1
DA:34,1
DA:35,1
DA:36,1
DA:37,1
DA:38,1
DA:39,1
DA:40,1
DA:41,1
DA:43,1
DA:44,1
DA:45,1
DA:47,1
DA:49,1
DA:50,1
DA:53,73
DA:54,73
DA:55,73
DA:56,73
DA:57,73
DA:58,73
DA:59,73
DA:60,73
DA:61,73
DA:62,73
DA:64,73
DA:65,73
DA:66,73
DA:67,73
DA:68,73
DA:70,73
DA:71,73
DA:74,22
DA:75,22
DA:76,22
DA:77,22
DA:78,22
DA:79,22
DA:80,22
DA:81,22
DA:83,22
DA:86,29
DA:87,29
DA:88,29
DA:89,29
DA:90,29
DA:91,29
DA:92,29
DA:93,29
DA:95,29
DA:98,22
DA:99,22
DA:100,22
DA:101,22
DA:102,22
DA:103,22
DA:104,22
DA:105,22
DA:107,22
DA:115,2
DA:116,2
DA:117,2
DA:118,2
DA:119,2
DA:122,1
DA:123,1
DA:124,1
DA:126,1
DA:129,1
DA:130,1
DA:131,1
DA:132,1
DA:133,1
DA:135,1
DA:137,1
DA:138,1
DA:141,1
DA:142,1
DA:143,1
DA:145,1
DA:147,1
DA:148,1
DA:149,1
DA:150,1
DA:152,1
DA:155,1
DA:156,1
DA:157,1
DA:158,1
DA:159,1
DA:161,1
DA:163,1
DA:164,1
BRF:0
BRH:0
LF:106
LH:102
end_of_record
SF:/Users/nick/Development/EttleX/EttleX-Project/Rust/crates/ettlex-store/src/snapshot/persist.rs
FN:263,_RNvNtNtCs3PiHhja6dWM_12ettlex_store8snapshot7persist15commit_snapshot
FN:204,_RNvNtNtCs3PiHhja6dWM_12ettlex_store8snapshot7persist18query_current_head
FN:58,_RNvNtNtCs3PiHhja6dWM_12ettlex_store8snapshot7persist23persist_manifest_to_cas
FN:163,_RNvNtNtCs3PiHhja6dWM_12ettlex_store8snapshot7persist24query_by_semantic_digest
FN:101,_RNvNtNtCs3PiHhja6dWM_12ettlex_store8snapshot7persist28create_snapshot_ledger_entry
FN:279,_RNCNvNtNtCs3PiHhja6dWM_12ettlex_store8snapshot7persist15commit_snapshot0B7_
FN:338,_RNCNvNtNtCs3PiHhja6dWM_12ettlex_store8snapshot7persist15commit_snapshots1_0B7_
FN:294,_RNCNvNtNtCs3PiHhja6dWM_12ettlex_store8snapshot7persist15commit_snapshots_0B7_
FN:215,_RNCNvNtNtCs3PiHhja6dWM_12ettlex_store8snapshot7persist18query_current_head0B7_
FN:224,_RNCNvNtNtCs3PiHhja6dWM_12ettlex_store8snapshot7persist18query_current_heads0_0B7_
FN:222,_RNCNvNtNtCs3PiHhja6dWM_12ettlex_store8snapshot7persist18query_current_heads_0B7_
FN:60,_RNCNvNtNtCs3PiHhja6dWM_12ettlex_store8snapshot7persist23persist_manifest_to_cas0B7_
FN:67,_RNCNvNtNtCs3PiHhja6dWM_12ettlex_store8snapshot7persist23persist_manifest_to_cass_0B7_
FN:176,_RNCNvNtNtCs3PiHhja6dWM_12ettlex_store8snapshot7persist24query_by_semantic_digest0B7_
FN:192,_RNCNvNtNtCs3PiHhja6dWM_12ettlex_store8snapshot7persist24query_by_semantic_digests0_0B7_
FN:183,_RNCNvNtNtCs3PiHhja6dWM_12ettlex_store8snapshot7persist24query_by_semantic_digests_0B7_
FN:109,_RNCNvNtNtCs3PiHhja6dWM_12ettlex_store8snapshot7persist28create_snapshot_ledger_entry0B7_
FN:143,_RNCNvNtNtCs3PiHhja6dWM_12ettlex_store8snapshot7persist28create_snapshot_ledger_entrys_0B7_
FN:279,_RNCNvNtNtCsiIWUB9x025h_12ettlex_store8snapshot7persist15commit_snapshot0B7_
FN:338,_RNCNvNtNtCsiIWUB9x025h_12ettlex_store8snapshot7persist15commit_snapshots1_0B7_
FN:294,_RNCNvNtNtCsiIWUB9x025h_12ettlex_store8snapshot7persist15commit_snapshots_0B7_
FN:215,_RNCNvNtNtCsiIWUB9x025h_12ettlex_store8snapshot7persist18query_current_head0B7_
FN:224,_RNCNvNtNtCsiIWUB9x025h_12ettlex_store8snapshot7persist18query_current_heads0_0B7_
FN:222,_RNCNvNtNtCsiIWUB9x025h_12ettlex_store8snapshot7persist18query_current_heads_0B7_
FN:60,_RNCNvNtNtCsiIWUB9x025h_12ettlex_store8snapshot7persist23persist_manifest_to_cas0B7_
FN:67,_RNCNvNtNtCsiIWUB9x025h_12ettlex_store8snapshot7persist23persist_manifest_to_cass_0B7_
FN:176,_RNCNvNtNtCsiIWUB9x025h_12ettlex_store8snapshot7persist24query_by_semantic_digest0B7_
FN:192,_RNCNvNtNtCsiIWUB9x025h_12ettlex_store8snapshot7persist24query_by_semantic_digests0_0B7_
FN:183,_RNCNvNtNtCsiIWUB9x025h_12ettlex_store8snapshot7persist24query_by_semantic_digests_0B7_
FN:109,_RNCNvNtNtCsiIWUB9x025h_12ettlex_store8snapshot7persist28create_snapshot_ledger_entry0B7_
FN:143,_RNCNvNtNtCsiIWUB9x025h_12ettlex_store8snapshot7persist28create_snapshot_ledger_entrys_0B7_
FN:263,_RNvNtNtCsiIWUB9x025h_12ettlex_store8snapshot7persist15commit_snapshot
FN:204,_RNvNtNtCsiIWUB9x025h_12ettlex_store8snapshot7persist18query_current_head
FN:58,_RNvNtNtCsiIWUB9x025h_12ettlex_store8snapshot7persist23persist_manifest_to_cas
FN:163,_RNvNtNtCsiIWUB9x025h_12ettlex_store8snapshot7persist24query_by_semantic_digest
FN:101,_RNvNtNtCsiIWUB9x025h_12ettlex_store8snapshot7persist28create_snapshot_ledger_entry
FNDA:66,_RNvNtNtCs3PiHhja6dWM_12ettlex_store8snapshot7persist15commit_snapshot
FNDA:65,_RNvNtNtCs3PiHhja6dWM_12ettlex_store8snapshot7persist18query_current_head
FNDA:58,_RNvNtNtCs3PiHhja6dWM_12ettlex_store8snapshot7persist23persist_manifest_to_cas
FNDA:10,_RNvNtNtCs3PiHhja6dWM_12ettlex_store8snapshot7persist24query_by_semantic_digest
FNDA:54,_RNvNtNtCs3PiHhja6dWM_12ettlex_store8snapshot7persist28create_snapshot_ledger_entry
FNDA:0,_RNCNvNtNtCs3PiHhja6dWM_12ettlex_store8snapshot7persist15commit_snapshot0B7_
FNDA:0,_RNCNvNtNtCs3PiHhja6dWM_12ettlex_store8snapshot7persist15commit_snapshots1_0B7_
FNDA:2,_RNCNvNtNtCs3PiHhja6dWM_12ettlex_store8snapshot7persist15commit_snapshots_0B7_
FNDA:0,_RNCNvNtNtCs3PiHhja6dWM_12ettlex_store8snapshot7persist18query_current_head0B7_
FNDA:0,_RNCNvNtNtCs3PiHhja6dWM_12ettlex_store8snapshot7persist18query_current_heads0_0B7_
FNDA:16,_RNCNvNtNtCs3PiHhja6dWM_12ettlex_store8snapshot7persist18query_current_heads_0B7_
FNDA:0,_RNCNvNtNtCs3PiHhja6dWM_12ettlex_store8snapshot7persist23persist_manifest_to_cas0B7_
FNDA:1,_RNCNvNtNtCs3PiHhja6dWM_12ettlex_store8snapshot7persist23persist_manifest_to_cass_0B7_
FNDA:0,_RNCNvNtNtCs3PiHhja6dWM_12ettlex_store8snapshot7persist24query_by_semantic_digest0B7_
FNDA:0,_RNCNvNtNtCs3PiHhja6dWM_12ettlex_store8snapshot7persist24query_by_semantic_digests0_0B7_
FNDA:6,_RNCNvNtNtCs3PiHhja6dWM_12ettlex_store8snapshot7persist24query_by_semantic_digests_0B7_
FNDA:0,_RNCNvNtNtCs3PiHhja6dWM_12ettlex_store8snapshot7persist28create_snapshot_ledger_entry0B7_
FNDA:0,_RNCNvNtNtCs3PiHhja6dWM_12ettlex_store8snapshot7persist28create_snapshot_ledger_entrys_0B7_
FNDA:0,_RNCNvNtNtCsiIWUB9x025h_12ettlex_store8snapshot7persist15commit_snapshot0B7_
FNDA:0,_RNCNvNtNtCsiIWUB9x025h_12ettlex_store8snapshot7persist15commit_snapshots1_0B7_
FNDA:0,_RNCNvNtNtCsiIWUB9x025h_12ettlex_store8snapshot7persist15commit_snapshots_0B7_
FNDA:0,_RNCNvNtNtCsiIWUB9x025h_12ettlex_store8snapshot7persist18query_current_head0B7_
FNDA:0,_RNCNvNtNtCsiIWUB9x025h_12ettlex_store8snapshot7persist18query_current_heads0_0B7_
FNDA:0,_RNCNvNtNtCsiIWUB9x025h_12ettlex_store8snapshot7persist18query_current_heads_0B7_
FNDA:0,_RNCNvNtNtCsiIWUB9x025h_12ettlex_store8snapshot7persist23persist_manifest_to_cas0B7_
FNDA:0,_RNCNvNtNtCsiIWUB9x025h_12ettlex_store8snapshot7persist23persist_manifest_to_cass_0B7_
FNDA:0,_RNCNvNtNtCsiIWUB9x025h_12ettlex_store8snapshot7persist24query_by_semantic_digest0B7_
FNDA:0,_RNCNvNtNtCsiIWUB9x025h_12ettlex_store8snapshot7persist24query_by_semantic_digests0_0B7_
FNDA:0,_RNCNvNtNtCsiIWUB9x025h_12ettlex_store8snapshot7persist24query_by_semantic_digests_0B7_
FNDA:0,_RNCNvNtNtCsiIWUB9x025h_12ettlex_store8snapshot7persist28create_snapshot_ledger_entry0B7_
FNDA:0,_RNCNvNtNtCsiIWUB9x025h_12ettlex_store8snapshot7persist28create_snapshot_ledger_entrys_0B7_
FNDA:0,_RNvNtNtCsiIWUB9x025h_12ettlex_store8snapshot7persist15commit_snapshot
FNDA:0,_RNvNtNtCsiIWUB9x025h_12ettlex_store8snapshot7persist18query_current_head
FNDA:0,_RNvNtNtCsiIWUB9x025h_12ettlex_store8snapshot7persist23persist_manifest_to_cas
FNDA:0,_RNvNtNtCsiIWUB9x025h_12ettlex_store8snapshot7persist24query_by_semantic_digest
FNDA:0,_RNvNtNtCsiIWUB9x025h_12ettlex_store8snapshot7persist28create_snapshot_ledger_entry
FNF:18
FNH:9
DA:58,58
DA:60,58
DA:61,0
DA:62,0
DA:63,0
DA:64,0
DA:67,58
DA:68,1
DA:69,1
DA:70,1
DA:71,1
DA:73,57
DA:75,0
DA:79,57
DA:80,58
DA:101,54
DA:102,54
DA:103,54
DA:104,54
DA:105,54
DA:106,54
DA:108,54
DA:109,54
DA:110,0
DA:111,0
DA:112,0
DA:113,0
DA:114,54
DA:116,54
DA:117,54
DA:118,54
DA:119,54
DA:120,54
DA:121,54
DA:122,54
DA:123,54
DA:124,54
DA:125,54
DA:126,54
DA:127,54
DA:128,54
DA:129,54
DA:130,54
DA:131,54
DA:132,54
DA:133,54
DA:134,54
DA:135,54
DA:136,54
DA:137,54
DA:138,54
DA:139,54
DA:140,54
DA:141,54
DA:142,54
DA:143,54
DA:144,0
DA:145,0
DA:146,0
DA:147,0
DA:149,54
DA:156,54
DA:157,54
DA:163,10
DA:164,10
DA:165,10
DA:166,10
DA:167,10
DA:168,10
DA:169,10
DA:170,10
DA:171,10
DA:172,10
DA:173,10
DA:174,10
DA:175,10
DA:176,10
DA:177,0
DA:178,0
DA:179,0
DA:180,0
DA:182,10
DA:183,10
DA:185,6
DA:186,6
DA:187,6
DA:190,6
DA:191,10
DA:192,10
DA:193,0
DA:194,0
DA:195,0
DA:196,0
DA:198,10
DA:199,10
DA:204,65
DA:205,65
DA:206,65
DA:207,65
DA:208,65
DA:209,65
DA:210,65
DA:211,65
DA:212,65
DA:213,65
DA:214,65
DA:215,65
DA:216,0
DA:217,0
DA:218,0
DA:219,0
DA:221,65
DA:222,65
DA:223,65
DA:224,65
DA:225,0
DA:226,0
DA:227,0
DA:228,0
DA:230,65
DA:231,65
DA:263,66
DA:264,66
DA:265,66
DA:266,66
DA:267,66
DA:268,66
DA:270,66
DA:271,1
DA:272,1
DA:273,1
DA:274,1
DA:275,1
DA:276,1
DA:277,65
DA:279,65
DA:280,0
DA:281,0
DA:282,0
DA:283,0
DA:286,65
DA:287,7
DA:288,5
DA:289,5
DA:291,3
DA:293,4
DA:294,4
DA:295,4
DA:296,4
DA:297,4
DA:298,4
DA:299,4
DA:300,4
DA:301,4
DA:306,58
DA:310,61
DA:311,10
DA:312,6
DA:318,6
DA:319,4
DA:320,51
DA:325,55
DA:328,54
DA:331,54
DA:332,54
DA:335,54
DA:338,54
DA:339,0
DA:340,0
DA:341,0
DA:342,0
DA:344,54
DA:345,54
DA:346,54
DA:347,54
DA:348,54
DA:349,54
DA:350,66
BRF:0
BRH:0
LF:201
LH:146
end_of_record
SF:/Users/nick/Development/EttleX/EttleX-Project/Rust/crates/ettlex-store/src/snapshot/query.rs
FN:95,_RNvNtNtCs3PiHhja6dWM_12ettlex_store8snapshot5query18fetch_snapshot_row
FN:116,_RNvNtNtCs3PiHhja6dWM_12ettlex_store8snapshot5query18list_snapshot_rows
FN:176,_RNvNtNtCs3PiHhja6dWM_12ettlex_store8snapshot5query19fetch_head_snapshot
FN:190,_RNvNtNtCs3PiHhja6dWM_12ettlex_store8snapshot5query19row_to_snapshot_row
FN:156,_RNvNtNtCs3PiHhja6dWM_12ettlex_store8snapshot5query22fetch_snapshot_digests
FN:76,_RNvNtNtCs3PiHhja6dWM_12ettlex_store8snapshot5query30fetch_manifest_bytes_by_digest
FN:44,_RNvNtNtCs3PiHhja6dWM_12ettlex_store8snapshot5query30fetch_snapshot_manifest_digest
FN:105,_RNCNvNtNtCs3PiHhja6dWM_12ettlex_store8snapshot5query18fetch_snapshot_row0B7_
FN:161,_RNCNvNtNtCs3PiHhja6dWM_12ettlex_store8snapshot5query22fetch_snapshot_digests0B7_
FN:165,_RNCNvNtNtCs3PiHhja6dWM_12ettlex_store8snapshot5query22fetch_snapshot_digestss_0B7_
FN:77,_RNCNvNtNtCs3PiHhja6dWM_12ettlex_store8snapshot5query30fetch_manifest_bytes_by_digest0B7_
FN:49,_RNCNvNtNtCs3PiHhja6dWM_12ettlex_store8snapshot5query30fetch_snapshot_manifest_digest0B7_
FN:52,_RNCNvNtNtCs3PiHhja6dWM_12ettlex_store8snapshot5query30fetch_snapshot_manifest_digests_0B7_
FN:95,_RNvNtNtCsiIWUB9x025h_12ettlex_store8snapshot5query18fetch_snapshot_row
FN:116,_RNvNtNtCsiIWUB9x025h_12ettlex_store8snapshot5query18list_snapshot_rows
FN:176,_RNvNtNtCsiIWUB9x025h_12ettlex_store8snapshot5query19fetch_head_snapshot
FN:190,_RNvNtNtCsiIWUB9x025h_12ettlex_store8snapshot5query19row_to_snapshot_row
FN:156,_RNvNtNtCsiIWUB9x025h_12ettlex_store8snapshot5query22fetch_snapshot_digests
FN:215,_RNvNtNtNtCsiIWUB9x025h_12ettlex_store8snapshot5query5tests15insert_snapshot
FN:209,_RNvNtNtNtCsiIWUB9x025h_12ettlex_store8snapshot5query5tests5setup
FN:227,_RNvNtNtNtCsiIWUB9x025h_12ettlex_store8snapshot5query5testss_29test_fetch_snapshot_row_found
FN:280,_RNvNtNtNtCsiIWUB9x025h_12ettlex_store8snapshot5query5testss_30test_fetch_head_snapshot_empty
FN:264,_RNvNtNtNtCsiIWUB9x025h_12ettlex_store8snapshot5query5testss_33test_fetch_snapshot_digests_found
FN:238,_RNvNtNtNtCsiIWUB9x025h_12ettlex_store8snapshot5query5testss_33test_fetch_snapshot_row_not_found
FN:245,_RNvNtNtNtCsiIWUB9x025h_12ettlex_store8snapshot5query5testss_33test_list_snapshot_rows_no_filter
FN:273,_RNvNtNtNtCsiIWUB9x025h_12ettlex_store8snapshot5query5testss_37test_fetch_snapshot_digests_not_found
FN:287,_RNvNtNtNtCsiIWUB9x025h_12ettlex_store8snapshot5query5testss_39test_fetch_head_snapshot_returns_latest
FN:254,_RNvNtNtNtCsiIWUB9x025h_12ettlex_store8snapshot5query5testss_41test_list_snapshot_rows_with_ettle_filter
FN:77,_RNCNvNtNtCsiIWUB9x025h_12ettlex_store8snapshot5query30fetch_manifest_bytes_by_digest0B7_
FN:49,_RNCNvNtNtCsiIWUB9x025h_12ettlex_store8snapshot5query30fetch_snapshot_manifest_digest0B7_
FN:52,_RNCNvNtNtCsiIWUB9x025h_12ettlex_store8snapshot5query30fetch_snapshot_manifest_digests_0B7_
FN:76,_RNvNtNtCsiIWUB9x025h_12ettlex_store8snapshot5query30fetch_manifest_bytes_by_digest
FN:44,_RNvNtNtCsiIWUB9x025h_12ettlex_store8snapshot5query30fetch_snapshot_manifest_digest
FN:105,_RNCNvNtNtCsiIWUB9x025h_12ettlex_store8snapshot5query18fetch_snapshot_row0B7_
FN:161,_RNCNvNtNtCsiIWUB9x025h_12ettlex_store8snapshot5query22fetch_snapshot_digests0B7_
FN:165,_RNCNvNtNtCsiIWUB9x025h_12ettlex_store8snapshot5query22fetch_snapshot_digestss_0B7_
FNDA:2,_RNvNtNtCs3PiHhja6dWM_12ettlex_store8snapshot5query18fetch_snapshot_row
FNDA:2,_RNvNtNtCs3PiHhja6dWM_12ettlex_store8snapshot5query18list_snapshot_rows
FNDA:0,_RNvNtNtCs3PiHhja6dWM_12ettlex_store8snapshot5query19fetch_head_snapshot
FNDA:3,_RNvNtNtCs3PiHhja6dWM_12ettlex_store8snapshot5query19row_to_snapshot_row
FNDA:0,_RNvNtNtCs3PiHhja6dWM_12ettlex_store8snapshot5query22fetch_snapshot_digests
FNDA:16,_RNvNtNtCs3PiHhja6dWM_12ettlex_store8snapshot5query30fetch_manifest_bytes_by_digest
FNDA:11,_RNvNtNtCs3PiHhja6dWM_12ettlex_store8snapshot5query30fetch_snapshot_manifest_digest
FNDA:0,_RNCNvNtNtCs3PiHhja6dWM_12ettlex_store8snapshot5query18fetch_snapshot_row0B7_
FNDA:0,_RNCNvNtNtCs3PiHhja6dWM_12ettlex_store8snapshot5query22fetch_snapshot_digests0B7_
FNDA:0,_RNCNvNtNtCs3PiHhja6dWM_12ettlex_store8snapshot5query22fetch_snapshot_digestss_0B7_
FNDA:3,_RNCNvNtNtCs3PiHhja6dWM_12ettlex_store8snapshot5query30fetch_manifest_bytes_by_digest0B7_
FNDA:9,_RNCNvNtNtCs3PiHhja6dWM_12ettlex_store8snapshot5query30fetch_snapshot_manifest_digest0B7_
FNDA:0,_RNCNvNtNtCs3PiHhja6dWM_12ettlex_store8snapshot5query30fetch_snapshot_manifest_digests_0B7_
FNDA:2,_RNvNtNtCsiIWUB9x025h_12ettlex_store8snapshot5query18fetch_snapshot_row
FNDA:2,_RNvNtNtCsiIWUB9x025h_12ettlex_store8snapshot5query18list_snapshot_rows
FNDA:2,_RNvNtNtCsiIWUB9x025h_12ettlex_store8snapshot5query19fetch_head_snapshot
FNDA:5,_RNvNtNtCsiIWUB9x025h_12ettlex_store8snapshot5query19row_to_snapshot_row
FNDA:2,_RNvNtNtCsiIWUB9x025h_12ettlex_store8snapshot5query22fetch_snapshot_digests
FNDA:6,_RNvNtNtNtCsiIWUB9x025h_12ettlex_store8snapshot5query5tests15insert_snapshot
FNDA:8,_RNvNtNtNtCsiIWUB9x025h_12ettlex_store8snapshot5query5tests5setup
FNDA:1,_RNvNtNtNtCsiIWUB9x025h_12ettlex_store8snapshot5query5testss_29test_fetch_snapshot_row_found
FNDA:1,_RNvNtNtNtCsiIWUB9x025h_12ettlex_store8snapshot5query5testss_30test_fetch_head_snapshot_empty
FNDA:1,_RNvNtNtNtCsiIWUB9x025h_12ettlex_store8snapshot5query5testss_33test_fetch_snapshot_digests_found
FNDA:1,_RNvNtNtNtCsiIWUB9x025h_12ettlex_store8snapshot5query5testss_33test_fetch_snapshot_row_not_found
FNDA:1,_RNvNtNtNtCsiIWUB9x025h_12ettlex_store8snapshot5query5testss_33test_list_snapshot_rows_no_filter
FNDA:1,_RNvNtNtNtCsiIWUB9x025h_12ettlex_store8snapshot5query5testss_37test_fetch_snapshot_digests_not_found
FNDA:1,_RNvNtNtNtCsiIWUB9x025h_12ettlex_store8snapshot5query5testss_39test_fetch_head_snapshot_returns_latest
FNDA:1,_RNvNtNtNtCsiIWUB9x025h_12ettlex_store8snapshot5query5testss_41test_list_snapshot_rows_with_ettle_filter
FNDA:0,_RNCNvNtNtCsiIWUB9x025h_12ettlex_store8snapshot5query30fetch_manifest_bytes_by_digest0B7_
FNDA:0,_RNCNvNtNtCsiIWUB9x025h_12ettlex_store8snapshot5query30fetch_snapshot_manifest_digest0B7_
FNDA:0,_RNCNvNtNtCsiIWUB9x025h_12ettlex_store8snapshot5query30fetch_snapshot_manifest_digests_0B7_
FNDA:0,_RNvNtNtCsiIWUB9x025h_12ettlex_store8snapshot5query30fetch_manifest_bytes_by_digest
FNDA:0,_RNvNtNtCsiIWUB9x025h_12ettlex_store8snapshot5query30fetch_snapshot_manifest_digest
FNDA:1,_RNCNvNtNtCsiIWUB9x025h_12ettlex_store8snapshot5query18fetch_snapshot_row0B7_
FNDA:1,_RNCNvNtNtCsiIWUB9x025h_12ettlex_store8snapshot5query22fetch_snapshot_digests0B7_
FNDA:1,_RNCNvNtNtCsiIWUB9x025h_12ettlex_store8snapshot5query22fetch_snapshot_digestss_0B7_
FNF:23
FNH:22
DA:44,11
DA:45,11
DA:46,11
DA:47,11
DA:48,11
DA:49,9
DA:51,11
DA:52,11
DA:53,0
DA:54,0
DA:55,0
DA:56,0
DA:58,11
DA:59,9
DA:60,2
DA:61,2
DA:62,2
DA:63,2
DA:65,11
DA:76,16
DA:77,16
DA:78,3
DA:79,3
DA:80,3
DA:81,3
DA:82,3
DA:84,0
DA:86,3
DA:87,16
DA:95,4
DA:96,4
DA:97,4
DA:98,4
DA:99,4
DA:100,4
DA:103,4
DA:104,4
DA:105,4
DA:106,1
DA:107,1
DA:108,1
DA:109,1
DA:110,1
DA:111,4
DA:116,4
DA:117,4
DA:119,3
DA:120,3
DA:121,3
DA:122,3
DA:123,3
DA:124,3
DA:125,3
DA:127,3
DA:128,3
DA:129,3
DA:130,3
DA:131,3
DA:132,3
DA:134,1
DA:135,1
DA:136,1
DA:137,1
DA:138,1
DA:139,1
DA:140,1
DA:141,1
DA:142,1
DA:144,1
DA:145,1
DA:146,1
DA:147,1
DA:148,1
DA:149,1
DA:152,4
DA:153,4
DA:156,2
DA:157,2
DA:158,2
DA:159,2
DA:160,2
DA:161,1
DA:163,2
DA:164,2
DA:165,2
DA:166,1
DA:167,1
DA:168,1
DA:169,1
DA:170,1
DA:171,2
DA:176,2
DA:177,2
DA:178,2
DA:179,2
DA:180,2
DA:181,2
DA:182,2
DA:183,2
DA:186,2
DA:187,2
DA:188,2
DA:190,8
DA:192,8
DA:193,8
DA:194,8
DA:195,8
DA:196,8
DA:197,8
DA:198,8
DA:199,8
DA:200,8
DA:202,8
DA:209,8
DA:210,8
DA:211,8
DA:212,8
DA:213,8
DA:215,6
DA:216,6
DA:217,6
DA:218,6
DA:219,6
DA:220,6
DA:221,6
DA:223,6
DA:224,6
DA:227,1
DA:228,1
DA:229,1
DA:230,1
DA:231,1
DA:232,1
DA:233,1
DA:234,1
DA:235,1
DA:238,1
DA:239,1
DA:240,1
DA:241,1
DA:242,1
DA:245,1
DA:246,1
DA:247,1
DA:248,1
DA:249,1
DA:250,1
DA:251,1
DA:254,1
DA:255,1
DA:256,1
DA:257,1
DA:258,1
DA:259,1
DA:260,1
DA:261,1
DA:264,1
DA:265,1
DA:266,1
DA:267,1
DA:268,1
DA:269,1
DA:270,1
DA:273,1
DA:274,1
DA:275,1
DA:276,1
DA:277,1
DA:280,1
DA:281,1
DA:282,1
DA:283,1
DA:284,1
DA:287,1
DA:288,1
DA:290,1
DA:291,1
DA:292,1
DA:293,1
DA:294,1
DA:295,1
DA:297,1
DA:298,1
DA:299,1
DA:300,1
DA:301,1
DA:302,1
DA:303,1
DA:305,1
DA:306,1
DA:307,1
DA:308,1
BRF:0
BRH:0
LF:197
LH:190
end_of_record
SF:/Users/nick/Development/EttleX/EttleX-Project/Rust/crates/ettlex-tauri/src/main.rs
FN:1,_RNvCs5N3IGUYKShY_12ettlex_tauri4main
FNDA:0,_RNvCs5N3IGUYKShY_12ettlex_tauri4main
FNF:1
FNH:0
DA:1,0
DA:2,0
DA:3,0
BRF:0
BRH:0
LF:3
LH:0
end_of_record